[0.109s] DEBUG:colcon:Command line arguments: ['/usr/bin/colcon', 'build']
[0.109s] DEBUG:colcon:Parsed command line arguments: Namespace(log_base=None, log_level=None, verb_name='build', build_base='build', install_base='install', merge_install=False, symlink_install=False, test_result_base=None, continue_on_error=False, executor='parallel', parallel_workers=12, event_handlers=None, ignore_user_meta=False, metas=['./colcon.meta'], base_paths=['.'], packages_ignore=None, packages_ignore_regex=None, paths=None, packages_up_to=None, packages_up_to_regex=None, packages_above=None, packages_above_and_dependencies=None, packages_above_depth=None, packages_select_by_dep=None, packages_skip_by_dep=None, packages_skip_up_to=None, packages_select_build_failed=False, packages_skip_build_finished=False, packages_select_test_failures=False, packages_skip_test_passed=False, packages_select=None, packages_skip=None, packages_select_regex=None, packages_skip_regex=None, packages_start=None, packages_end=None, allow_overriding=[], cmake_args=None, cmake_target=None, cmake_target_skip_unavailable=False, cmake_clean_cache=False, cmake_clean_first=False, cmake_force_configure=False, ament_cmake_args=None, catkin_cmake_args=None, catkin_skip_building_tests=False, mixin_files=None, mixin=None, verb_parser=<colcon_mixin.mixin.mixin_argument.MixinArgumentDecorator object at 0x790bdbc5ed50>, verb_extension=<colcon_core.verb.build.BuildVerb object at 0x790bdbc5e9c0>, main=<bound method BuildVerb.main of <colcon_core.verb.build.BuildVerb object at 0x790bdbc5e9c0>>, mixin_verb=('build',))
[0.146s] Level 1:colcon.colcon_core.package_discovery:discover_packages(colcon_meta) check parameters
[0.146s] Level 1:colcon.colcon_core.package_discovery:discover_packages(recursive) check parameters
[0.146s] Level 1:colcon.colcon_core.package_discovery:discover_packages(ignore) check parameters
[0.146s] Level 1:colcon.colcon_core.package_discovery:discover_packages(path) check parameters
[0.146s] Level 1:colcon.colcon_core.package_discovery:discover_packages(colcon_meta) discover
[0.147s] Level 1:colcon.colcon_core.package_discovery:discover_packages(recursive) discover
[0.147s] INFO:colcon.colcon_core.package_discovery:Crawling recursively for packages in '/home/helal/project_ws/src'
[0.147s] Level 1:colcon.colcon_core.package_identification:_identify(.) by extensions ['ignore', 'ignore_ament_install']
[0.147s] Level 1:colcon.colcon_core.package_identification:_identify(.) by extension 'ignore'
[0.147s] Level 1:colcon.colcon_core.package_identification:_identify(.) by extension 'ignore_ament_install'
[0.147s] Level 1:colcon.colcon_core.package_identification:_identify(.) by extensions ['colcon_pkg']
[0.147s] Level 1:colcon.colcon_core.package_identification:_identify(.) by extension 'colcon_pkg'
[0.147s] Level 1:colcon.colcon_core.package_identification:_identify(.) by extensions ['colcon_meta']
[0.147s] Level 1:colcon.colcon_core.package_identification:_identify(.) by extension 'colcon_meta'
[0.147s] Level 1:colcon.colcon_core.package_identification:_identify(.) by extensions ['ros']
[0.147s] Level 1:colcon.colcon_core.package_identification:_identify(.) by extension 'ros'
[0.171s] Level 1:colcon.colcon_core.package_identification:_identify(.) by extensions ['cmake', 'python']
[0.171s] Level 1:colcon.colcon_core.package_identification:_identify(.) by extension 'cmake'
[0.171s] Level 1:colcon.colcon_core.package_identification:_identify(.) by extension 'python'
[0.171s] Level 1:colcon.colcon_core.package_identification:_identify(.) by extensions ['python_setup_py']
[0.171s] Level 1:colcon.colcon_core.package_identification:_identify(.) by extension 'python_setup_py'
[0.171s] Level 1:colcon.colcon_core.package_identification:_identify(build) by extensions ['ignore', 'ignore_ament_install']
[0.171s] Level 1:colcon.colcon_core.package_identification:_identify(build) by extension 'ignore'
[0.171s] Level 1:colcon.colcon_core.package_identification:_identify(build) ignored
[0.171s] Level 1:colcon.colcon_core.package_identification:_identify(install) by extensions ['ignore', 'ignore_ament_install']
[0.171s] Level 1:colcon.colcon_core.package_identification:_identify(install) by extension 'ignore'
[0.171s] Level 1:colcon.colcon_core.package_identification:_identify(install) ignored
[0.171s] Level 1:colcon.colcon_core.package_identification:_identify(log) by extensions ['ignore', 'ignore_ament_install']
[0.172s] Level 1:colcon.colcon_core.package_identification:_identify(log) by extension 'ignore'
[0.172s] Level 1:colcon.colcon_core.package_identification:_identify(log) ignored
[0.172s] Level 1:colcon.colcon_core.package_identification:_identify(my_robot_navigation) by extensions ['ignore', 'ignore_ament_install']
[0.172s] Level 1:colcon.colcon_core.package_identification:_identify(my_robot_navigation) by extension 'ignore'
[0.172s] Level 1:colcon.colcon_core.package_identification:_identify(my_robot_navigation) by extension 'ignore_ament_install'
[0.172s] Level 1:colcon.colcon_core.package_identification:_identify(my_robot_navigation) by extensions ['colcon_pkg']
[0.172s] Level 1:colcon.colcon_core.package_identification:_identify(my_robot_navigation) by extension 'colcon_pkg'
[0.172s] Level 1:colcon.colcon_core.package_identification:_identify(my_robot_navigation) by extensions ['colcon_meta']
[0.172s] Level 1:colcon.colcon_core.package_identification:_identify(my_robot_navigation) by extension 'colcon_meta'
[0.172s] Level 1:colcon.colcon_core.package_identification:_identify(my_robot_navigation) by extensions ['ros']
[0.172s] Level 1:colcon.colcon_core.package_identification:_identify(my_robot_navigation) by extension 'ros'
[0.174s] DEBUG:colcon.colcon_core.package_identification:Package 'my_robot_navigation' with type 'ros.ament_python' and name 'my_robot_navigation'
[0.174s] Level 1:colcon.colcon_core.package_identification:_identify(robot_description) by extensions ['ignore', 'ignore_ament_install']
[0.174s] Level 1:colcon.colcon_core.package_identification:_identify(robot_description) by extension 'ignore'
[0.174s] Level 1:colcon.colcon_core.package_identification:_identify(robot_description) by extension 'ignore_ament_install'
[0.174s] Level 1:colcon.colcon_core.package_identification:_identify(robot_description) by extensions ['colcon_pkg']
[0.174s] Level 1:colcon.colcon_core.package_identification:_identify(robot_description) by extension 'colcon_pkg'
[0.174s] Level 1:colcon.colcon_core.package_identification:_identify(robot_description) by extensions ['colcon_meta']
[0.174s] Level 1:colcon.colcon_core.package_identification:_identify(robot_description) by extension 'colcon_meta'
[0.174s] Level 1:colcon.colcon_core.package_identification:_identify(robot_description) by extensions ['ros']
[0.174s] Level 1:colcon.colcon_core.package_identification:_identify(robot_description) by extension 'ros'
[0.175s] DEBUG:colcon.colcon_core.package_identification:Package 'robot_description' with type 'ros.ament_cmake' and name 'robot_description'
[0.175s] Level 1:colcon.colcon_core.package_discovery:discover_packages(recursive) using defaults
[0.175s] Level 1:colcon.colcon_core.package_discovery:discover_packages(ignore) discover
[0.175s] Level 1:colcon.colcon_core.package_discovery:discover_packages(ignore) using defaults
[0.175s] Level 1:colcon.colcon_core.package_discovery:discover_packages(path) discover
[0.175s] Level 1:colcon.colcon_core.package_discovery:discover_packages(path) using defaults
[0.192s] Level 1:colcon.colcon_core.package_discovery:discover_packages(prefix_path) check parameters
[0.192s] Level 1:colcon.colcon_core.package_discovery:discover_packages(prefix_path) discover
[0.193s] WARNING:colcon.colcon_core.prefix_path.colcon:The path '/home/helal/project_ws/install' in the environment variable COLCON_PREFIX_PATH doesn't exist
[0.193s] WARNING:colcon.colcon_ros.prefix_path.ament:The path '/home/helal/project_ws/src/install/robot_description' in the environment variable AMENT_PREFIX_PATH doesn't exist
[0.193s] WARNING:colcon.colcon_ros.prefix_path.ament:The path '/home/helal/project_ws/install/simulation_package' in the environment variable AMENT_PREFIX_PATH doesn't exist
[0.193s] WARNING:colcon.colcon_ros.prefix_path.ament:The path '/home/helal/project_ws/install/my_robot_navigation' in the environment variable AMENT_PREFIX_PATH doesn't exist
[0.193s] WARNING:colcon.colcon_ros.prefix_path.ament:The path '/home/helal/project_ws/src/install/simulation_package' in the environment variable AMENT_PREFIX_PATH doesn't exist
[0.193s] WARNING:colcon.colcon_ros.prefix_path.ament:The path '/home/helal/project_ws/src/install/my_robot_navigation' in the environment variable AMENT_PREFIX_PATH doesn't exist
[0.193s] WARNING:colcon.colcon_ros.prefix_path.ament:The path '/home/helal/project_ws/install/robot_description' in the environment variable AMENT_PREFIX_PATH doesn't exist
[0.193s] WARNING:colcon.colcon_ros.prefix_path.catkin:The path '/home/helal/project_ws/src/install/robot_description' in the environment variable CMAKE_PREFIX_PATH doesn't exist
[0.193s] WARNING:colcon.colcon_ros.prefix_path.catkin:The path '/home/helal/project_ws/install/simulation_package' in the environment variable CMAKE_PREFIX_PATH doesn't exist
[0.193s] WARNING:colcon.colcon_ros.prefix_path.catkin:The path '/home/helal/project_ws/src/install/simulation_package' in the environment variable CMAKE_PREFIX_PATH doesn't exist
[0.193s] WARNING:colcon.colcon_ros.prefix_path.catkin:The path '/home/helal/project_ws/install/robot_description' in the environment variable CMAKE_PREFIX_PATH doesn't exist
[0.194s] DEBUG:colcon.colcon_installed_package_information.package_discovery:Found 0 installed packages in /home/helal/project_ws/src/install
[0.196s] DEBUG:colcon.colcon_installed_package_information.package_discovery:Found 482 installed packages in /opt/ros/jazzy
[0.199s] Level 1:colcon.colcon_core.package_discovery:discover_packages(prefix_path) using defaults
[0.268s] Level 5:colcon.colcon_core.verb:set package 'my_robot_navigation' build argument 'cmake_args' from command line to 'None'
[0.268s] Level 5:colcon.colcon_core.verb:set package 'my_robot_navigation' build argument 'cmake_target' from command line to 'None'
[0.268s] Level 5:colcon.colcon_core.verb:set package 'my_robot_navigation' build argument 'cmake_target_skip_unavailable' from command line to 'False'
[0.268s] Level 5:colcon.colcon_core.verb:set package 'my_robot_navigation' build argument 'cmake_clean_cache' from command line to 'False'
[0.268s] Level 5:colcon.colcon_core.verb:set package 'my_robot_navigation' build argument 'cmake_clean_first' from command line to 'False'
[0.268s] Level 5:colcon.colcon_core.verb:set package 'my_robot_navigation' build argument 'cmake_force_configure' from command line to 'False'
[0.268s] Level 5:colcon.colcon_core.verb:set package 'my_robot_navigation' build argument 'ament_cmake_args' from command line to 'None'
[0.268s] Level 5:colcon.colcon_core.verb:set package 'my_robot_navigation' build argument 'catkin_cmake_args' from command line to 'None'
[0.268s] Level 5:colcon.colcon_core.verb:set package 'my_robot_navigation' build argument 'catkin_skip_building_tests' from command line to 'False'
[0.268s] DEBUG:colcon.colcon_core.verb:Building package 'my_robot_navigation' with the following arguments: {'ament_cmake_args': None, 'build_base': '/home/helal/project_ws/src/build/my_robot_navigation', 'catkin_cmake_args': None, 'catkin_skip_building_tests': False, 'cmake_args': None, 'cmake_clean_cache': False, 'cmake_clean_first': False, 'cmake_force_configure': False, 'cmake_target': None, 'cmake_target_skip_unavailable': False, 'install_base': '/home/helal/project_ws/src/install/my_robot_navigation', 'merge_install': False, 'path': '/home/helal/project_ws/src/my_robot_navigation', 'symlink_install': False, 'test_result_base': None}
[0.269s] Level 5:colcon.colcon_core.verb:set package 'robot_description' build argument 'cmake_args' from command line to 'None'
[0.269s] Level 5:colcon.colcon_core.verb:set package 'robot_description' build argument 'cmake_target' from command line to 'None'
[0.269s] Level 5:colcon.colcon_core.verb:set package 'robot_description' build argument 'cmake_target_skip_unavailable' from command line to 'False'
[0.269s] Level 5:colcon.colcon_core.verb:set package 'robot_description' build argument 'cmake_clean_cache' from command line to 'False'
[0.269s] Level 5:colcon.colcon_core.verb:set package 'robot_description' build argument 'cmake_clean_first' from command line to 'False'
[0.269s] Level 5:colcon.colcon_core.verb:set package 'robot_description' build argument 'cmake_force_configure' from command line to 'False'
[0.269s] Level 5:colcon.colcon_core.verb:set package 'robot_description' build argument 'ament_cmake_args' from command line to 'None'
[0.269s] Level 5:colcon.colcon_core.verb:set package 'robot_description' build argument 'catkin_cmake_args' from command line to 'None'
[0.269s] Level 5:colcon.colcon_core.verb:set package 'robot_description' build argument 'catkin_skip_building_tests' from command line to 'False'
[0.269s] DEBUG:colcon.colcon_core.verb:Building package 'robot_description' with the following arguments: {'ament_cmake_args': None, 'build_base': '/home/helal/project_ws/src/build/robot_description', 'catkin_cmake_args': None, 'catkin_skip_building_tests': False, 'cmake_args': None, 'cmake_clean_cache': False, 'cmake_clean_first': False, 'cmake_force_configure': False, 'cmake_target': None, 'cmake_target_skip_unavailable': False, 'install_base': '/home/helal/project_ws/src/install/robot_description', 'merge_install': False, 'path': '/home/helal/project_ws/src/robot_description', 'symlink_install': False, 'test_result_base': None}
[0.269s] INFO:colcon.colcon_core.executor:Executing jobs using 'parallel' executor
[0.270s] DEBUG:colcon.colcon_parallel_executor.executor.parallel:run_until_complete
[0.270s] INFO:colcon.colcon_ros.task.ament_python.build:Building ROS package in '/home/helal/project_ws/src/my_robot_navigation' with build type 'ament_python'
[0.270s] Level 1:colcon.colcon_core.shell:create_environment_hook('my_robot_navigation', 'ament_prefix_path')
[0.272s] INFO:colcon.colcon_core.plugin_system:Skipping extension 'colcon_core.shell.bat': Not used on non-Windows systems
[0.272s] INFO:colcon.colcon_core.shell:Creating environment hook '/home/helal/project_ws/src/install/my_robot_navigation/share/my_robot_navigation/hook/ament_prefix_path.ps1'
[0.272s] INFO:colcon.colcon_core.shell:Creating environment descriptor '/home/helal/project_ws/src/install/my_robot_navigation/share/my_robot_navigation/hook/ament_prefix_path.dsv'
[0.273s] INFO:colcon.colcon_core.shell:Creating environment hook '/home/helal/project_ws/src/install/my_robot_navigation/share/my_robot_navigation/hook/ament_prefix_path.sh'
[0.273s] INFO:colcon.colcon_core.shell:Skip shell extension 'powershell' for command environment: Not usable outside of PowerShell
[0.273s] DEBUG:colcon.colcon_core.shell:Skip shell extension 'dsv' for command environment
[0.277s] INFO:colcon.colcon_ros.task.ament_cmake.build:Building ROS package in '/home/helal/project_ws/src/robot_description' with build type 'ament_cmake'
[0.277s] INFO:colcon.colcon_cmake.task.cmake.build:Building CMake package in '/home/helal/project_ws/src/robot_description'
[0.278s] INFO:colcon.colcon_core.shell:Skip shell extension 'powershell' for command environment: Not usable outside of PowerShell
[0.278s] DEBUG:colcon.colcon_core.shell:Skip shell extension 'dsv' for command environment
[0.517s] INFO:colcon.colcon_core.task.python.build:Building Python package in '/home/helal/project_ws/src/my_robot_navigation'
[0.517s] INFO:colcon.colcon_core.shell:Skip shell extension 'powershell' for command environment: Not usable outside of PowerShell
[0.517s] DEBUG:colcon.colcon_core.shell:Skip shell extension 'dsv' for command environment
[0.523s] DEBUG:colcon.colcon_core.event_handler.log_command:Invoking command in '/home/helal/project_ws/src/build/robot_description': CMAKE_PREFIX_PATH=${CMAKE_PREFIX_PATH}:/home/helal/project_ws/install/my_robot_navigation:/home/helal/project_ws/src/install/my_robot_navigation:/opt/ros/jazzy DEBUGINFOD_URLS=https://debuginfod.ubuntu.com /usr/bin/cmake /home/helal/project_ws/src/robot_description -DCMAKE_INSTALL_PREFIX=/home/helal/project_ws/src/install/robot_description
[1.218s] DEBUG:colcon.colcon_core.event_handler.log_command:Invoking command in '/home/helal/project_ws/src/my_robot_navigation': DEBUGINFOD_URLS=https://debuginfod.ubuntu.com PYTHONPATH=/home/helal/project_ws/src/build/my_robot_navigation/prefix_override:/usr/lib/python3/dist-packages/colcon_core/task/python/colcon_distutils_commands:/home/helal/project_ws/src/install/my_robot_navigation/lib/python3.12/site-packages:${PYTHONPATH} /usr/bin/python3 -W ignore:setup.py install is deprecated -W ignore:easy_install command is deprecated setup.py egg_info --egg-base ../build/my_robot_navigation build --build-base /home/helal/project_ws/src/build/my_robot_navigation/build install --record /home/helal/project_ws/src/build/my_robot_navigation/install.log --single-version-externally-managed install_data
[1.729s] DEBUG:colcon.colcon_core.event_handler.log_command:Invoked command in '/home/helal/project_ws/src/build/robot_description' returned '0': CMAKE_PREFIX_PATH=${CMAKE_PREFIX_PATH}:/home/helal/project_ws/install/my_robot_navigation:/home/helal/project_ws/src/install/my_robot_navigation:/opt/ros/jazzy DEBUGINFOD_URLS=https://debuginfod.ubuntu.com /usr/bin/cmake /home/helal/project_ws/src/robot_description -DCMAKE_INSTALL_PREFIX=/home/helal/project_ws/src/install/robot_description
[1.730s] DEBUG:colcon.colcon_core.event_handler.log_command:Invoking command in '/home/helal/project_ws/src/build/robot_description': CMAKE_PREFIX_PATH=${CMAKE_PREFIX_PATH}:/home/helal/project_ws/install/my_robot_navigation:/home/helal/project_ws/src/install/my_robot_navigation:/opt/ros/jazzy DEBUGINFOD_URLS=https://debuginfod.ubuntu.com /usr/bin/cmake --build /home/helal/project_ws/src/build/robot_description -- -j12 -l12
[1.851s] DEBUG:colcon.colcon_core.event_handler.log_command:Invoked command in '/home/helal/project_ws/src/my_robot_navigation' returned '0': DEBUGINFOD_URLS=https://debuginfod.ubuntu.com PYTHONPATH=/home/helal/project_ws/src/build/my_robot_navigation/prefix_override:/usr/lib/python3/dist-packages/colcon_core/task/python/colcon_distutils_commands:/home/helal/project_ws/src/install/my_robot_navigation/lib/python3.12/site-packages:${PYTHONPATH} /usr/bin/python3 -W ignore:setup.py install is deprecated -W ignore:easy_install command is deprecated setup.py egg_info --egg-base ../build/my_robot_navigation build --build-base /home/helal/project_ws/src/build/my_robot_navigation/build install --record /home/helal/project_ws/src/build/my_robot_navigation/install.log --single-version-externally-managed install_data
[1.853s] Level 1:colcon.colcon_core.environment:checking '/home/helal/project_ws/src/install/my_robot_navigation' for CMake module files
[1.853s] Level 1:colcon.colcon_core.environment:checking '/home/helal/project_ws/src/install/my_robot_navigation' for CMake config files
[1.854s] Level 1:colcon.colcon_core.environment:checking '/home/helal/project_ws/src/install/my_robot_navigation/lib'
[1.854s] Level 1:colcon.colcon_core.environment:checking '/home/helal/project_ws/src/install/my_robot_navigation/bin'
[1.854s] Level 1:colcon.colcon_core.environment:checking '/home/helal/project_ws/src/install/my_robot_navigation/lib/pkgconfig/my_robot_navigation.pc'
[1.854s] Level 1:colcon.colcon_core.environment:checking '/home/helal/project_ws/src/install/my_robot_navigation/lib/python3.12/site-packages'
[1.855s] Level 1:colcon.colcon_core.shell:create_environment_hook('my_robot_navigation', 'pythonpath')
[1.855s] INFO:colcon.colcon_core.shell:Creating environment hook '/home/helal/project_ws/src/install/my_robot_navigation/share/my_robot_navigation/hook/pythonpath.ps1'
[1.855s] INFO:colcon.colcon_core.shell:Creating environment descriptor '/home/helal/project_ws/src/install/my_robot_navigation/share/my_robot_navigation/hook/pythonpath.dsv'
[1.855s] INFO:colcon.colcon_core.shell:Creating environment hook '/home/helal/project_ws/src/install/my_robot_navigation/share/my_robot_navigation/hook/pythonpath.sh'
[1.856s] Level 1:colcon.colcon_core.environment:checking '/home/helal/project_ws/src/install/my_robot_navigation/bin'
[1.856s] Level 1:colcon.colcon_core.environment:create_environment_scripts_only(my_robot_navigation)
[1.856s] INFO:colcon.colcon_core.shell:Creating package script '/home/helal/project_ws/src/install/my_robot_navigation/share/my_robot_navigation/package.ps1'
[1.857s] INFO:colcon.colcon_core.shell:Creating package descriptor '/home/helal/project_ws/src/install/my_robot_navigation/share/my_robot_navigation/package.dsv'
[1.857s] INFO:colcon.colcon_core.shell:Creating package script '/home/helal/project_ws/src/install/my_robot_navigation/share/my_robot_navigation/package.sh'
[1.858s] INFO:colcon.colcon_core.shell:Creating package script '/home/helal/project_ws/src/install/my_robot_navigation/share/my_robot_navigation/package.bash'
[1.858s] INFO:colcon.colcon_core.shell:Creating package script '/home/helal/project_ws/src/install/my_robot_navigation/share/my_robot_navigation/package.zsh'
[1.859s] Level 1:colcon.colcon_core.environment:create_file_with_runtime_dependencies(/home/helal/project_ws/src/install/my_robot_navigation/share/colcon-core/packages/my_robot_navigation)
[9.250s] DEBUG:colcon.colcon_core.event_handler.log_command:Invoked command in '/home/helal/project_ws/src/build/robot_description' returned '0': CMAKE_PREFIX_PATH=${CMAKE_PREFIX_PATH}:/home/helal/project_ws/install/my_robot_navigation:/home/helal/project_ws/src/install/my_robot_navigation:/opt/ros/jazzy DEBUGINFOD_URLS=https://debuginfod.ubuntu.com /usr/bin/cmake --build /home/helal/project_ws/src/build/robot_description -- -j12 -l12
[9.258s] DEBUG:colcon.colcon_core.event_handler.log_command:Invoking command in '/home/helal/project_ws/src/build/robot_description': CMAKE_PREFIX_PATH=${CMAKE_PREFIX_PATH}:/home/helal/project_ws/install/my_robot_navigation:/home/helal/project_ws/src/install/my_robot_navigation:/opt/ros/jazzy DEBUGINFOD_URLS=https://debuginfod.ubuntu.com /usr/bin/cmake --install /home/helal/project_ws/src/build/robot_description
[9.274s] Level 1:colcon.colcon_core.environment:create_environment_scripts_only(robot_description)
[9.274s] DEBUG:colcon.colcon_core.event_handler.log_command:Invoked command in '/home/helal/project_ws/src/build/robot_description' returned '0': CMAKE_PREFIX_PATH=${CMAKE_PREFIX_PATH}:/home/helal/project_ws/install/my_robot_navigation:/home/helal/project_ws/src/install/my_robot_navigation:/opt/ros/jazzy DEBUGINFOD_URLS=https://debuginfod.ubuntu.com /usr/bin/cmake --install /home/helal/project_ws/src/build/robot_description
[9.274s] Level 1:colcon.colcon_core.environment:checking '/home/helal/project_ws/src/install/robot_description' for CMake module files
[9.275s] Level 1:colcon.colcon_core.environment:checking '/home/helal/project_ws/src/install/robot_description' for CMake config files
[9.275s] Level 1:colcon.colcon_core.shell:create_environment_hook('robot_description', 'cmake_prefix_path')
[9.275s] INFO:colcon.colcon_core.shell:Creating environment hook '/home/helal/project_ws/src/install/robot_description/share/robot_description/hook/cmake_prefix_path.ps1'
[9.275s] INFO:colcon.colcon_core.shell:Creating environment descriptor '/home/helal/project_ws/src/install/robot_description/share/robot_description/hook/cmake_prefix_path.dsv'
[9.276s] INFO:colcon.colcon_core.shell:Creating environment hook '/home/helal/project_ws/src/install/robot_description/share/robot_description/hook/cmake_prefix_path.sh'
[9.276s] Level 1:colcon.colcon_core.environment:checking '/home/helal/project_ws/src/install/robot_description/lib'
[9.276s] Level 1:colcon.colcon_core.environment:checking '/home/helal/project_ws/src/install/robot_description/bin'
[9.276s] Level 1:colcon.colcon_core.environment:checking '/home/helal/project_ws/src/install/robot_description/lib/pkgconfig/robot_description.pc'
[9.277s] Level 1:colcon.colcon_core.environment:checking '/home/helal/project_ws/src/install/robot_description/lib/python3.12/site-packages'
[9.277s] Level 1:colcon.colcon_core.environment:checking '/home/helal/project_ws/src/install/robot_description/bin'
[9.277s] INFO:colcon.colcon_core.shell:Creating package script '/home/helal/project_ws/src/install/robot_description/share/robot_description/package.ps1'
[9.277s] INFO:colcon.colcon_core.shell:Creating package descriptor '/home/helal/project_ws/src/install/robot_description/share/robot_description/package.dsv'
[9.278s] INFO:colcon.colcon_core.shell:Creating package script '/home/helal/project_ws/src/install/robot_description/share/robot_description/package.sh'
[9.278s] INFO:colcon.colcon_core.shell:Creating package script '/home/helal/project_ws/src/install/robot_description/share/robot_description/package.bash'
[9.278s] INFO:colcon.colcon_core.shell:Creating package script '/home/helal/project_ws/src/install/robot_description/share/robot_description/package.zsh'
[9.279s] Level 1:colcon.colcon_core.environment:create_file_with_runtime_dependencies(/home/helal/project_ws/src/install/robot_description/share/colcon-core/packages/robot_description)
[9.279s] Level 1:colcon.colcon_core.environment:create_environment_scripts_only(robot_description)
[9.279s] Level 1:colcon.colcon_core.environment:checking '/home/helal/project_ws/src/install/robot_description' for CMake module files
[9.280s] Level 1:colcon.colcon_core.environment:checking '/home/helal/project_ws/src/install/robot_description' for CMake config files
[9.280s] Level 1:colcon.colcon_core.shell:create_environment_hook('robot_description', 'cmake_prefix_path')
[9.280s] INFO:colcon.colcon_core.shell:Creating environment hook '/home/helal/project_ws/src/install/robot_description/share/robot_description/hook/cmake_prefix_path.ps1'
[9.280s] INFO:colcon.colcon_core.shell:Creating environment descriptor '/home/helal/project_ws/src/install/robot_description/share/robot_description/hook/cmake_prefix_path.dsv'
[9.281s] INFO:colcon.colcon_core.shell:Creating environment hook '/home/helal/project_ws/src/install/robot_description/share/robot_description/hook/cmake_prefix_path.sh'
[9.281s] Level 1:colcon.colcon_core.environment:checking '/home/helal/project_ws/src/install/robot_description/lib'
[9.281s] Level 1:colcon.colcon_core.environment:checking '/home/helal/project_ws/src/install/robot_description/bin'
[9.281s] Level 1:colcon.colcon_core.environment:checking '/home/helal/project_ws/src/install/robot_description/lib/pkgconfig/robot_description.pc'
[9.282s] Level 1:colcon.colcon_core.environment:checking '/home/helal/project_ws/src/install/robot_description/lib/python3.12/site-packages'
[9.282s] Level 1:colcon.colcon_core.environment:checking '/home/helal/project_ws/src/install/robot_description/bin'
[9.282s] INFO:colcon.colcon_core.shell:Creating package script '/home/helal/project_ws/src/install/robot_description/share/robot_description/package.ps1'
[9.282s] INFO:colcon.colcon_core.shell:Creating package descriptor '/home/helal/project_ws/src/install/robot_description/share/robot_description/package.dsv'
[9.283s] INFO:colcon.colcon_core.shell:Creating package script '/home/helal/project_ws/src/install/robot_description/share/robot_description/package.sh'
[9.283s] INFO:colcon.colcon_core.shell:Creating package script '/home/helal/project_ws/src/install/robot_description/share/robot_description/package.bash'
[9.284s] INFO:colcon.colcon_core.shell:Creating package script '/home/helal/project_ws/src/install/robot_description/share/robot_description/package.zsh'
[9.284s] Level 1:colcon.colcon_core.environment:create_file_with_runtime_dependencies(/home/helal/project_ws/src/install/robot_description/share/colcon-core/packages/robot_description)
[9.284s] DEBUG:colcon.colcon_parallel_executor.executor.parallel:closing loop
[9.284s] DEBUG:colcon.colcon_parallel_executor.executor.parallel:loop closed
[9.284s] DEBUG:colcon.colcon_parallel_executor.executor.parallel:run_until_complete finished with '0'
[9.284s] DEBUG:colcon.colcon_core.event_reactor:joining thread
[9.308s] INFO:colcon.colcon_core.plugin_system:Skipping extension 'colcon_notification.desktop_notification.terminal_notifier': Not used on non-Darwin systems
[9.308s] INFO:colcon.colcon_core.plugin_system:Skipping extension 'colcon_notification.desktop_notification.win32': Not used on non-Windows systems
[9.308s] INFO:colcon.colcon_notification.desktop_notification:Sending desktop notification using 'notify2'
[9.323s] DEBUG:colcon.colcon_core.event_reactor:joined thread
[9.323s] INFO:colcon.colcon_core.shell:Creating prefix script '/home/helal/project_ws/src/install/local_setup.ps1'
[9.324s] INFO:colcon.colcon_core.shell:Creating prefix util module '/home/helal/project_ws/src/install/_local_setup_util_ps1.py'
[9.325s] INFO:colcon.colcon_core.shell:Creating prefix chain script '/home/helal/project_ws/src/install/setup.ps1'
[9.327s] INFO:colcon.colcon_core.shell:Creating prefix script '/home/helal/project_ws/src/install/local_setup.sh'
[9.327s] INFO:colcon.colcon_core.shell:Creating prefix util module '/home/helal/project_ws/src/install/_local_setup_util_sh.py'
[9.328s] INFO:colcon.colcon_core.shell:Creating prefix chain script '/home/helal/project_ws/src/install/setup.sh'
[9.329s] INFO:colcon.colcon_core.shell:Creating prefix script '/home/helal/project_ws/src/install/local_setup.bash'
[9.330s] INFO:colcon.colcon_core.shell:Creating prefix chain script '/home/helal/project_ws/src/install/setup.bash'
[9.331s] INFO:colcon.colcon_core.shell:Creating prefix script '/home/helal/project_ws/src/install/local_setup.zsh'
[9.332s] INFO:colcon.colcon_core.shell:Creating prefix chain script '/home/helal/project_ws/src/install/setup.zsh'
