[0.114s] DEBUG:colcon:Command line arguments: ['/usr/bin/colcon', 'build']
[0.114s] DEBUG:colcon:Parsed command line arguments: Namespace(log_base=None, log_level=None, verb_name='build', build_base='build', install_base='install', merge_install=False, symlink_install=False, test_result_base=None, continue_on_error=False, executor='parallel', parallel_workers=12, event_handlers=None, ignore_user_meta=False, metas=['./colcon.meta'], base_paths=['.'], packages_ignore=None, packages_ignore_regex=None, paths=None, packages_up_to=None, packages_up_to_regex=None, packages_above=None, packages_above_and_dependencies=None, packages_above_depth=None, packages_select_by_dep=None, packages_skip_by_dep=None, packages_skip_up_to=None, packages_select_build_failed=False, packages_skip_build_finished=False, packages_select_test_failures=False, packages_skip_test_passed=False, packages_select=None, packages_skip=None, packages_select_regex=None, packages_skip_regex=None, packages_start=None, packages_end=None, allow_overriding=[], cmake_args=None, cmake_target=None, cmake_target_skip_unavailable=False, cmake_clean_cache=False, cmake_clean_first=False, cmake_force_configure=False, ament_cmake_args=None, catkin_cmake_args=None, catkin_skip_building_tests=False, mixin_files=None, mixin=None, verb_parser=<colcon_mixin.mixin.mixin_argument.MixinArgumentDecorator object at 0x71a3471a2d50>, verb_extension=<colcon_core.verb.build.BuildVerb object at 0x71a3471a29f0>, main=<bound method BuildVerb.main of <colcon_core.verb.build.BuildVerb object at 0x71a3471a29f0>>, mixin_verb=('build',))
[0.151s] Level 1:colcon.colcon_core.package_discovery:discover_packages(colcon_meta) check parameters
[0.151s] Level 1:colcon.colcon_core.package_discovery:discover_packages(recursive) check parameters
[0.152s] Level 1:colcon.colcon_core.package_discovery:discover_packages(ignore) check parameters
[0.152s] Level 1:colcon.colcon_core.package_discovery:discover_packages(path) check parameters
[0.152s] Level 1:colcon.colcon_core.package_discovery:discover_packages(colcon_meta) discover
[0.152s] Level 1:colcon.colcon_core.package_discovery:discover_packages(recursive) discover
[0.152s] INFO:colcon.colcon_core.package_discovery:Crawling recursively for packages in '/home/helal/project_ws'
[0.152s] Level 1:colcon.colcon_core.package_identification:_identify(.) by extensions ['ignore', 'ignore_ament_install']
[0.152s] Level 1:colcon.colcon_core.package_identification:_identify(.) by extension 'ignore'
[0.152s] Level 1:colcon.colcon_core.package_identification:_identify(.) by extension 'ignore_ament_install'
[0.152s] Level 1:colcon.colcon_core.package_identification:_identify(.) by extensions ['colcon_pkg']
[0.152s] Level 1:colcon.colcon_core.package_identification:_identify(.) by extension 'colcon_pkg'
[0.152s] Level 1:colcon.colcon_core.package_identification:_identify(.) by extensions ['colcon_meta']
[0.152s] Level 1:colcon.colcon_core.package_identification:_identify(.) by extension 'colcon_meta'
[0.152s] Level 1:colcon.colcon_core.package_identification:_identify(.) by extensions ['ros']
[0.152s] Level 1:colcon.colcon_core.package_identification:_identify(.) by extension 'ros'
[0.178s] Level 1:colcon.colcon_core.package_identification:_identify(.) by extensions ['cmake', 'python']
[0.178s] Level 1:colcon.colcon_core.package_identification:_identify(.) by extension 'cmake'
[0.178s] Level 1:colcon.colcon_core.package_identification:_identify(.) by extension 'python'
[0.178s] Level 1:colcon.colcon_core.package_identification:_identify(.) by extensions ['python_setup_py']
[0.178s] Level 1:colcon.colcon_core.package_identification:_identify(.) by extension 'python_setup_py'
[0.179s] Level 1:colcon.colcon_core.package_identification:_identify(build) by extensions ['ignore', 'ignore_ament_install']
[0.179s] Level 1:colcon.colcon_core.package_identification:_identify(build) by extension 'ignore'
[0.179s] Level 1:colcon.colcon_core.package_identification:_identify(build) ignored
[0.179s] Level 1:colcon.colcon_core.package_identification:_identify(install) by extensions ['ignore', 'ignore_ament_install']
[0.179s] Level 1:colcon.colcon_core.package_identification:_identify(install) by extension 'ignore'
[0.179s] Level 1:colcon.colcon_core.package_identification:_identify(install) ignored
[0.179s] Level 1:colcon.colcon_core.package_identification:_identify(log) by extensions ['ignore', 'ignore_ament_install']
[0.179s] Level 1:colcon.colcon_core.package_identification:_identify(log) by extension 'ignore'
[0.179s] Level 1:colcon.colcon_core.package_identification:_identify(log) ignored
[0.179s] Level 1:colcon.colcon_core.package_identification:_identify(src) by extensions ['ignore', 'ignore_ament_install']
[0.179s] Level 1:colcon.colcon_core.package_identification:_identify(src) by extension 'ignore'
[0.179s] Level 1:colcon.colcon_core.package_identification:_identify(src) by extension 'ignore_ament_install'
[0.180s] Level 1:colcon.colcon_core.package_identification:_identify(src) by extensions ['colcon_pkg']
[0.180s] Level 1:colcon.colcon_core.package_identification:_identify(src) by extension 'colcon_pkg'
[0.180s] Level 1:colcon.colcon_core.package_identification:_identify(src) by extensions ['colcon_meta']
[0.180s] Level 1:colcon.colcon_core.package_identification:_identify(src) by extension 'colcon_meta'
[0.180s] Level 1:colcon.colcon_core.package_identification:_identify(src) by extensions ['ros']
[0.180s] Level 1:colcon.colcon_core.package_identification:_identify(src) by extension 'ros'
[0.180s] Level 1:colcon.colcon_core.package_identification:_identify(src) by extensions ['cmake', 'python']
[0.180s] Level 1:colcon.colcon_core.package_identification:_identify(src) by extension 'cmake'
[0.180s] Level 1:colcon.colcon_core.package_identification:_identify(src) by extension 'python'
[0.180s] Level 1:colcon.colcon_core.package_identification:_identify(src) by extensions ['python_setup_py']
[0.180s] Level 1:colcon.colcon_core.package_identification:_identify(src) by extension 'python_setup_py'
[0.180s] Level 1:colcon.colcon_core.package_identification:_identify(src/build) by extensions ['ignore', 'ignore_ament_install']
[0.180s] Level 1:colcon.colcon_core.package_identification:_identify(src/build) by extension 'ignore'
[0.180s] Level 1:colcon.colcon_core.package_identification:_identify(src/build) ignored
[0.180s] Level 1:colcon.colcon_core.package_identification:_identify(src/install) by extensions ['ignore', 'ignore_ament_install']
[0.180s] Level 1:colcon.colcon_core.package_identification:_identify(src/install) by extension 'ignore'
[0.180s] Level 1:colcon.colcon_core.package_identification:_identify(src/install) ignored
[0.180s] Level 1:colcon.colcon_core.package_identification:_identify(src/log) by extensions ['ignore', 'ignore_ament_install']
[0.181s] Level 1:colcon.colcon_core.package_identification:_identify(src/log) by extension 'ignore'
[0.181s] Level 1:colcon.colcon_core.package_identification:_identify(src/log) ignored
[0.181s] Level 1:colcon.colcon_core.package_identification:_identify(src/robot_description) by extensions ['ignore', 'ignore_ament_install']
[0.181s] Level 1:colcon.colcon_core.package_identification:_identify(src/robot_description) by extension 'ignore'
[0.181s] Level 1:colcon.colcon_core.package_identification:_identify(src/robot_description) by extension 'ignore_ament_install'
[0.181s] Level 1:colcon.colcon_core.package_identification:_identify(src/robot_description) by extensions ['colcon_pkg']
[0.181s] Level 1:colcon.colcon_core.package_identification:_identify(src/robot_description) by extension 'colcon_pkg'
[0.181s] Level 1:colcon.colcon_core.package_identification:_identify(src/robot_description) by extensions ['colcon_meta']
[0.181s] Level 1:colcon.colcon_core.package_identification:_identify(src/robot_description) by extension 'colcon_meta'
[0.181s] Level 1:colcon.colcon_core.package_identification:_identify(src/robot_description) by extensions ['ros']
[0.181s] Level 1:colcon.colcon_core.package_identification:_identify(src/robot_description) by extension 'ros'
[0.184s] DEBUG:colcon.colcon_core.package_identification:Package 'src/robot_description' with type 'ros.ament_cmake' and name 'robot_description'
[0.185s] Level 1:colcon.colcon_core.package_identification:_identify(src/robot_exploration) by extensions ['ignore', 'ignore_ament_install']
[0.185s] Level 1:colcon.colcon_core.package_identification:_identify(src/robot_exploration) by extension 'ignore'
[0.185s] Level 1:colcon.colcon_core.package_identification:_identify(src/robot_exploration) by extension 'ignore_ament_install'
[0.185s] Level 1:colcon.colcon_core.package_identification:_identify(src/robot_exploration) by extensions ['colcon_pkg']
[0.185s] Level 1:colcon.colcon_core.package_identification:_identify(src/robot_exploration) by extension 'colcon_pkg'
[0.185s] Level 1:colcon.colcon_core.package_identification:_identify(src/robot_exploration) by extensions ['colcon_meta']
[0.185s] Level 1:colcon.colcon_core.package_identification:_identify(src/robot_exploration) by extension 'colcon_meta'
[0.185s] Level 1:colcon.colcon_core.package_identification:_identify(src/robot_exploration) by extensions ['ros']
[0.185s] Level 1:colcon.colcon_core.package_identification:_identify(src/robot_exploration) by extension 'ros'
[0.187s] DEBUG:colcon.colcon_core.package_identification:Package 'src/robot_exploration' with type 'ros.ament_python' and name 'robot_exploration'
[0.187s] Level 1:colcon.colcon_core.package_discovery:discover_packages(recursive) using defaults
[0.187s] Level 1:colcon.colcon_core.package_discovery:discover_packages(ignore) discover
[0.187s] Level 1:colcon.colcon_core.package_discovery:discover_packages(ignore) using defaults
[0.187s] Level 1:colcon.colcon_core.package_discovery:discover_packages(path) discover
[0.187s] Level 1:colcon.colcon_core.package_discovery:discover_packages(path) using defaults
[0.205s] Level 1:colcon.colcon_core.package_discovery:discover_packages(prefix_path) check parameters
[0.205s] Level 1:colcon.colcon_core.package_discovery:discover_packages(prefix_path) discover
[0.207s] DEBUG:colcon.colcon_installed_package_information.package_discovery:Found 2 installed packages in /home/helal/project_ws/install
[0.207s] DEBUG:colcon.colcon_installed_package_information.package_discovery:Found 3 installed packages in /home/helal/fork_bot/install
[0.210s] DEBUG:colcon.colcon_installed_package_information.package_discovery:Found 484 installed packages in /opt/ros/jazzy
[0.211s] Level 1:colcon.colcon_core.package_discovery:discover_packages(prefix_path) using defaults
[0.281s] Level 5:colcon.colcon_core.verb:set package 'robot_description' build argument 'cmake_args' from command line to 'None'
[0.281s] Level 5:colcon.colcon_core.verb:set package 'robot_description' build argument 'cmake_target' from command line to 'None'
[0.281s] Level 5:colcon.colcon_core.verb:set package 'robot_description' build argument 'cmake_target_skip_unavailable' from command line to 'False'
[0.281s] Level 5:colcon.colcon_core.verb:set package 'robot_description' build argument 'cmake_clean_cache' from command line to 'False'
[0.281s] Level 5:colcon.colcon_core.verb:set package 'robot_description' build argument 'cmake_clean_first' from command line to 'False'
[0.281s] Level 5:colcon.colcon_core.verb:set package 'robot_description' build argument 'cmake_force_configure' from command line to 'False'
[0.281s] Level 5:colcon.colcon_core.verb:set package 'robot_description' build argument 'ament_cmake_args' from command line to 'None'
[0.281s] Level 5:colcon.colcon_core.verb:set package 'robot_description' build argument 'catkin_cmake_args' from command line to 'None'
[0.281s] Level 5:colcon.colcon_core.verb:set package 'robot_description' build argument 'catkin_skip_building_tests' from command line to 'False'
[0.281s] DEBUG:colcon.colcon_core.verb:Building package 'robot_description' with the following arguments: {'ament_cmake_args': None, 'build_base': '/home/helal/project_ws/build/robot_description', 'catkin_cmake_args': None, 'catkin_skip_building_tests': False, 'cmake_args': None, 'cmake_clean_cache': False, 'cmake_clean_first': False, 'cmake_force_configure': False, 'cmake_target': None, 'cmake_target_skip_unavailable': False, 'install_base': '/home/helal/project_ws/install/robot_description', 'merge_install': False, 'path': '/home/helal/project_ws/src/robot_description', 'symlink_install': False, 'test_result_base': None}
[0.281s] Level 5:colcon.colcon_core.verb:set package 'robot_exploration' build argument 'cmake_args' from command line to 'None'
[0.281s] Level 5:colcon.colcon_core.verb:set package 'robot_exploration' build argument 'cmake_target' from command line to 'None'
[0.281s] Level 5:colcon.colcon_core.verb:set package 'robot_exploration' build argument 'cmake_target_skip_unavailable' from command line to 'False'
[0.281s] Level 5:colcon.colcon_core.verb:set package 'robot_exploration' build argument 'cmake_clean_cache' from command line to 'False'
[0.281s] Level 5:colcon.colcon_core.verb:set package 'robot_exploration' build argument 'cmake_clean_first' from command line to 'False'
[0.282s] Level 5:colcon.colcon_core.verb:set package 'robot_exploration' build argument 'cmake_force_configure' from command line to 'False'
[0.282s] Level 5:colcon.colcon_core.verb:set package 'robot_exploration' build argument 'ament_cmake_args' from command line to 'None'
[0.282s] Level 5:colcon.colcon_core.verb:set package 'robot_exploration' build argument 'catkin_cmake_args' from command line to 'None'
[0.282s] Level 5:colcon.colcon_core.verb:set package 'robot_exploration' build argument 'catkin_skip_building_tests' from command line to 'False'
[0.282s] DEBUG:colcon.colcon_core.verb:Building package 'robot_exploration' with the following arguments: {'ament_cmake_args': None, 'build_base': '/home/helal/project_ws/build/robot_exploration', 'catkin_cmake_args': None, 'catkin_skip_building_tests': False, 'cmake_args': None, 'cmake_clean_cache': False, 'cmake_clean_first': False, 'cmake_force_configure': False, 'cmake_target': None, 'cmake_target_skip_unavailable': False, 'install_base': '/home/helal/project_ws/install/robot_exploration', 'merge_install': False, 'path': '/home/helal/project_ws/src/robot_exploration', 'symlink_install': False, 'test_result_base': None}
[0.282s] INFO:colcon.colcon_core.executor:Executing jobs using 'parallel' executor
[0.282s] DEBUG:colcon.colcon_parallel_executor.executor.parallel:run_until_complete
[0.283s] INFO:colcon.colcon_ros.task.ament_cmake.build:Building ROS package in '/home/helal/project_ws/src/robot_description' with build type 'ament_cmake'
[0.283s] INFO:colcon.colcon_cmake.task.cmake.build:Building CMake package in '/home/helal/project_ws/src/robot_description'
[0.284s] INFO:colcon.colcon_core.plugin_system:Skipping extension 'colcon_core.shell.bat': Not used on non-Windows systems
[0.285s] INFO:colcon.colcon_core.shell:Skip shell extension 'powershell' for command environment: Not usable outside of PowerShell
[0.285s] DEBUG:colcon.colcon_core.shell:Skip shell extension 'dsv' for command environment
[0.289s] INFO:colcon.colcon_ros.task.ament_python.build:Building ROS package in '/home/helal/project_ws/src/robot_exploration' with build type 'ament_python'
[0.289s] Level 1:colcon.colcon_core.shell:create_environment_hook('robot_exploration', 'ament_prefix_path')
[0.290s] INFO:colcon.colcon_core.shell:Creating environment hook '/home/helal/project_ws/install/robot_exploration/share/robot_exploration/hook/ament_prefix_path.ps1'
[0.290s] INFO:colcon.colcon_core.shell:Creating environment descriptor '/home/helal/project_ws/install/robot_exploration/share/robot_exploration/hook/ament_prefix_path.dsv'
[0.291s] INFO:colcon.colcon_core.shell:Creating environment hook '/home/helal/project_ws/install/robot_exploration/share/robot_exploration/hook/ament_prefix_path.sh'
[0.291s] INFO:colcon.colcon_core.shell:Skip shell extension 'powershell' for command environment: Not usable outside of PowerShell
[0.291s] DEBUG:colcon.colcon_core.shell:Skip shell extension 'dsv' for command environment
[0.302s] DEBUG:colcon.colcon_core.event_handler.log_command:Invoking command in '/home/helal/project_ws/build/robot_description': CMAKE_PREFIX_PATH=${CMAKE_PREFIX_PATH}:/home/helal/project_ws/install/robot_exploration:/home/helal/fork_bot/install/robot_exploration:/opt/ros/jazzy DEBUGINFOD_URLS=https://debuginfod.ubuntu.com /usr/bin/cmake --build /home/helal/project_ws/build/robot_description -- -j12 -l12
[0.560s] INFO:colcon.colcon_core.task.python.build:Building Python package in '/home/helal/project_ws/src/robot_exploration'
[0.561s] INFO:colcon.colcon_core.shell:Skip shell extension 'powershell' for command environment: Not usable outside of PowerShell
[0.561s] DEBUG:colcon.colcon_core.shell:Skip shell extension 'dsv' for command environment
[0.566s] DEBUG:colcon.colcon_core.event_handler.log_command:Invoked command in '/home/helal/project_ws/build/robot_description' returned '0': CMAKE_PREFIX_PATH=${CMAKE_PREFIX_PATH}:/home/helal/project_ws/install/robot_exploration:/home/helal/fork_bot/install/robot_exploration:/opt/ros/jazzy DEBUGINFOD_URLS=https://debuginfod.ubuntu.com /usr/bin/cmake --build /home/helal/project_ws/build/robot_description -- -j12 -l12
[0.575s] DEBUG:colcon.colcon_core.event_handler.log_command:Invoking command in '/home/helal/project_ws/build/robot_description': CMAKE_PREFIX_PATH=${CMAKE_PREFIX_PATH}:/home/helal/project_ws/install/robot_exploration:/home/helal/fork_bot/install/robot_exploration:/opt/ros/jazzy DEBUGINFOD_URLS=https://debuginfod.ubuntu.com /usr/bin/cmake --install /home/helal/project_ws/build/robot_description
[0.588s] Level 1:colcon.colcon_core.environment:create_environment_scripts_only(robot_description)
[0.590s] DEBUG:colcon.colcon_core.event_handler.log_command:Invoked command in '/home/helal/project_ws/build/robot_description' returned '0': CMAKE_PREFIX_PATH=${CMAKE_PREFIX_PATH}:/home/helal/project_ws/install/robot_exploration:/home/helal/fork_bot/install/robot_exploration:/opt/ros/jazzy DEBUGINFOD_URLS=https://debuginfod.ubuntu.com /usr/bin/cmake --install /home/helal/project_ws/build/robot_description
[0.593s] Level 1:colcon.colcon_core.environment:checking '/home/helal/project_ws/install/robot_description' for CMake module files
[0.594s] Level 1:colcon.colcon_core.environment:checking '/home/helal/project_ws/install/robot_description' for CMake config files
[0.594s] Level 1:colcon.colcon_core.shell:create_environment_hook('robot_description', 'cmake_prefix_path')
[0.594s] INFO:colcon.colcon_core.shell:Creating environment hook '/home/helal/project_ws/install/robot_description/share/robot_description/hook/cmake_prefix_path.ps1'
[0.595s] INFO:colcon.colcon_core.shell:Creating environment descriptor '/home/helal/project_ws/install/robot_description/share/robot_description/hook/cmake_prefix_path.dsv'
[0.595s] INFO:colcon.colcon_core.shell:Creating environment hook '/home/helal/project_ws/install/robot_description/share/robot_description/hook/cmake_prefix_path.sh'
[0.596s] Level 1:colcon.colcon_core.environment:checking '/home/helal/project_ws/install/robot_description/lib'
[0.597s] Level 1:colcon.colcon_core.environment:checking '/home/helal/project_ws/install/robot_description/bin'
[0.597s] Level 1:colcon.colcon_core.environment:checking '/home/helal/project_ws/install/robot_description/lib/pkgconfig/robot_description.pc'
[0.597s] Level 1:colcon.colcon_core.environment:checking '/home/helal/project_ws/install/robot_description/lib/python3.12/site-packages'
[0.597s] Level 1:colcon.colcon_core.environment:checking '/home/helal/project_ws/install/robot_description/bin'
[0.598s] INFO:colcon.colcon_core.shell:Creating package script '/home/helal/project_ws/install/robot_description/share/robot_description/package.ps1'
[0.599s] INFO:colcon.colcon_core.shell:Creating package descriptor '/home/helal/project_ws/install/robot_description/share/robot_description/package.dsv'
[0.599s] INFO:colcon.colcon_core.shell:Creating package script '/home/helal/project_ws/install/robot_description/share/robot_description/package.sh'
[0.600s] INFO:colcon.colcon_core.shell:Creating package script '/home/helal/project_ws/install/robot_description/share/robot_description/package.bash'
[0.616s] INFO:colcon.colcon_core.shell:Creating package script '/home/helal/project_ws/install/robot_description/share/robot_description/package.zsh'
[0.617s] Level 1:colcon.colcon_core.environment:create_file_with_runtime_dependencies(/home/helal/project_ws/install/robot_description/share/colcon-core/packages/robot_description)
[0.617s] Level 1:colcon.colcon_core.environment:create_environment_scripts_only(robot_description)
[0.618s] Level 1:colcon.colcon_core.environment:checking '/home/helal/project_ws/install/robot_description' for CMake module files
[0.618s] Level 1:colcon.colcon_core.environment:checking '/home/helal/project_ws/install/robot_description' for CMake config files
[0.619s] Level 1:colcon.colcon_core.shell:create_environment_hook('robot_description', 'cmake_prefix_path')
[0.619s] INFO:colcon.colcon_core.shell:Creating environment hook '/home/helal/project_ws/install/robot_description/share/robot_description/hook/cmake_prefix_path.ps1'
[0.619s] INFO:colcon.colcon_core.shell:Creating environment descriptor '/home/helal/project_ws/install/robot_description/share/robot_description/hook/cmake_prefix_path.dsv'
[0.620s] INFO:colcon.colcon_core.shell:Creating environment hook '/home/helal/project_ws/install/robot_description/share/robot_description/hook/cmake_prefix_path.sh'
[0.620s] Level 1:colcon.colcon_core.environment:checking '/home/helal/project_ws/install/robot_description/lib'
[0.620s] Level 1:colcon.colcon_core.environment:checking '/home/helal/project_ws/install/robot_description/bin'
[0.620s] Level 1:colcon.colcon_core.environment:checking '/home/helal/project_ws/install/robot_description/lib/pkgconfig/robot_description.pc'
[0.621s] Level 1:colcon.colcon_core.environment:checking '/home/helal/project_ws/install/robot_description/lib/python3.12/site-packages'
[0.621s] Level 1:colcon.colcon_core.environment:checking '/home/helal/project_ws/install/robot_description/bin'
[0.621s] INFO:colcon.colcon_core.shell:Creating package script '/home/helal/project_ws/install/robot_description/share/robot_description/package.ps1'
[0.622s] INFO:colcon.colcon_core.shell:Creating package descriptor '/home/helal/project_ws/install/robot_description/share/robot_description/package.dsv'
[0.622s] INFO:colcon.colcon_core.shell:Creating package script '/home/helal/project_ws/install/robot_description/share/robot_description/package.sh'
[0.623s] INFO:colcon.colcon_core.shell:Creating package script '/home/helal/project_ws/install/robot_description/share/robot_description/package.bash'
[0.623s] INFO:colcon.colcon_core.shell:Creating package script '/home/helal/project_ws/install/robot_description/share/robot_description/package.zsh'
[0.624s] Level 1:colcon.colcon_core.environment:create_file_with_runtime_dependencies(/home/helal/project_ws/install/robot_description/share/colcon-core/packages/robot_description)
[1.622s] DEBUG:colcon.colcon_core.event_handler.log_command:Invoking command in '/home/helal/project_ws/src/robot_exploration': DEBUGINFOD_URLS=https://debuginfod.ubuntu.com PYTHONPATH=/home/helal/project_ws/build/robot_exploration/prefix_override:/usr/lib/python3/dist-packages/colcon_core/task/python/colcon_distutils_commands:/home/helal/project_ws/install/robot_exploration/lib/python3.12/site-packages:${PYTHONPATH} /usr/bin/python3 -W ignore:setup.py install is deprecated -W ignore:easy_install command is deprecated setup.py egg_info --egg-base ../../build/robot_exploration build --build-base /home/helal/project_ws/build/robot_exploration/build install --record /home/helal/project_ws/build/robot_exploration/install.log --single-version-externally-managed install_data
[2.828s] Level 1:colcon.colcon_core.environment:checking '/home/helal/project_ws/install/robot_exploration' for CMake module files
[2.829s] DEBUG:colcon.colcon_core.event_handler.log_command:Invoked command in '/home/helal/project_ws/src/robot_exploration' returned '0': DEBUGINFOD_URLS=https://debuginfod.ubuntu.com PYTHONPATH=/home/helal/project_ws/build/robot_exploration/prefix_override:/usr/lib/python3/dist-packages/colcon_core/task/python/colcon_distutils_commands:/home/helal/project_ws/install/robot_exploration/lib/python3.12/site-packages:${PYTHONPATH} /usr/bin/python3 -W ignore:setup.py install is deprecated -W ignore:easy_install command is deprecated setup.py egg_info --egg-base ../../build/robot_exploration build --build-base /home/helal/project_ws/build/robot_exploration/build install --record /home/helal/project_ws/build/robot_exploration/install.log --single-version-externally-managed install_data
[2.830s] Level 1:colcon.colcon_core.environment:checking '/home/helal/project_ws/install/robot_exploration' for CMake config files
[2.831s] Level 1:colcon.colcon_core.environment:checking '/home/helal/project_ws/install/robot_exploration/lib'
[2.831s] Level 1:colcon.colcon_core.environment:checking '/home/helal/project_ws/install/robot_exploration/bin'
[2.831s] Level 1:colcon.colcon_core.environment:checking '/home/helal/project_ws/install/robot_exploration/lib/pkgconfig/robot_exploration.pc'
[2.832s] Level 1:colcon.colcon_core.environment:checking '/home/helal/project_ws/install/robot_exploration/lib/python3.12/site-packages'
[2.832s] Level 1:colcon.colcon_core.shell:create_environment_hook('robot_exploration', 'pythonpath')
[2.832s] INFO:colcon.colcon_core.shell:Creating environment hook '/home/helal/project_ws/install/robot_exploration/share/robot_exploration/hook/pythonpath.ps1'
[2.833s] INFO:colcon.colcon_core.shell:Creating environment descriptor '/home/helal/project_ws/install/robot_exploration/share/robot_exploration/hook/pythonpath.dsv'
[2.834s] INFO:colcon.colcon_core.shell:Creating environment hook '/home/helal/project_ws/install/robot_exploration/share/robot_exploration/hook/pythonpath.sh'
[2.835s] Level 1:colcon.colcon_core.environment:checking '/home/helal/project_ws/install/robot_exploration/bin'
[2.835s] Level 1:colcon.colcon_core.environment:create_environment_scripts_only(robot_exploration)
[2.836s] INFO:colcon.colcon_core.shell:Creating package script '/home/helal/project_ws/install/robot_exploration/share/robot_exploration/package.ps1'
[2.837s] INFO:colcon.colcon_core.shell:Creating package descriptor '/home/helal/project_ws/install/robot_exploration/share/robot_exploration/package.dsv'
[2.838s] INFO:colcon.colcon_core.shell:Creating package script '/home/helal/project_ws/install/robot_exploration/share/robot_exploration/package.sh'
[2.839s] INFO:colcon.colcon_core.shell:Creating package script '/home/helal/project_ws/install/robot_exploration/share/robot_exploration/package.bash'
[2.840s] INFO:colcon.colcon_core.shell:Creating package script '/home/helal/project_ws/install/robot_exploration/share/robot_exploration/package.zsh'
[2.840s] Level 1:colcon.colcon_core.environment:create_file_with_runtime_dependencies(/home/helal/project_ws/install/robot_exploration/share/colcon-core/packages/robot_exploration)
[2.841s] DEBUG:colcon.colcon_parallel_executor.executor.parallel:closing loop
[2.842s] DEBUG:colcon.colcon_parallel_executor.executor.parallel:loop closed
[2.842s] DEBUG:colcon.colcon_parallel_executor.executor.parallel:run_until_complete finished with '0'
[2.842s] DEBUG:colcon.colcon_core.event_reactor:joining thread
[2.852s] INFO:colcon.colcon_core.plugin_system:Skipping extension 'colcon_notification.desktop_notification.terminal_notifier': Not used on non-Darwin systems
[2.853s] INFO:colcon.colcon_core.plugin_system:Skipping extension 'colcon_notification.desktop_notification.win32': Not used on non-Windows systems
[2.853s] INFO:colcon.colcon_notification.desktop_notification:Sending desktop notification using 'notify2'
[2.882s] DEBUG:colcon.colcon_core.event_reactor:joined thread
[2.883s] INFO:colcon.colcon_core.shell:Creating prefix script '/home/helal/project_ws/install/local_setup.ps1'
[2.885s] INFO:colcon.colcon_core.shell:Creating prefix util module '/home/helal/project_ws/install/_local_setup_util_ps1.py'
[2.886s] INFO:colcon.colcon_core.shell:Creating prefix chain script '/home/helal/project_ws/install/setup.ps1'
[2.889s] INFO:colcon.colcon_core.shell:Creating prefix script '/home/helal/project_ws/install/local_setup.sh'
[2.890s] INFO:colcon.colcon_core.shell:Creating prefix util module '/home/helal/project_ws/install/_local_setup_util_sh.py'
[2.891s] INFO:colcon.colcon_core.shell:Creating prefix chain script '/home/helal/project_ws/install/setup.sh'
[2.894s] INFO:colcon.colcon_core.shell:Creating prefix script '/home/helal/project_ws/install/local_setup.bash'
[2.895s] INFO:colcon.colcon_core.shell:Creating prefix chain script '/home/helal/project_ws/install/setup.bash'
[2.897s] INFO:colcon.colcon_core.shell:Creating prefix script '/home/helal/project_ws/install/local_setup.zsh'
[2.897s] INFO:colcon.colcon_core.shell:Creating prefix chain script '/home/helal/project_ws/install/setup.zsh'
