[0.949s] Invoking command in '/home/helal/project_ws/src/robot_exploration': DEBUGINFOD_URLS=https://debuginfod.ubuntu.com PYTHONPATH=/home/helal/project_ws/build/robot_exploration/prefix_override:/usr/lib/python3/dist-packages/colcon_core/task/python/colcon_distutils_commands:/home/helal/project_ws/install/robot_exploration/lib/python3.12/site-packages:${PYTHONPATH} /usr/bin/python3 -W ignore:setup.py install is deprecated -W ignore:easy_install command is deprecated setup.py egg_info --egg-base ../../build/robot_exploration build --build-base /home/helal/project_ws/build/robot_exploration/build install --record /home/helal/project_ws/build/robot_exploration/install.log --single-version-externally-managed install_data
[1.266s] running egg_info
[1.291s] writing ../../build/robot_exploration/robot_exploration.egg-info/PKG-INFO
[1.291s] writing dependency_links to ../../build/robot_exploration/robot_exploration.egg-info/dependency_links.txt
[1.291s] writing entry points to ../../build/robot_exploration/robot_exploration.egg-info/entry_points.txt
[1.292s] writing requirements to ../../build/robot_exploration/robot_exploration.egg-info/requires.txt
[1.292s] writing top-level names to ../../build/robot_exploration/robot_exploration.egg-info/top_level.txt
[1.345s] reading manifest file '../../build/robot_exploration/robot_exploration.egg-info/SOURCES.txt'
[1.345s] writing manifest file '../../build/robot_exploration/robot_exploration.egg-info/SOURCES.txt'
[1.345s] running build
[1.345s] running build_py
[1.346s] running install
[1.352s] running install_lib
[1.378s] running install_data
[1.378s] running install_egg_info
[1.406s] removing '/home/helal/project_ws/install/robot_exploration/lib/python3.12/site-packages/robot_exploration-0.0.0-py3.12.egg-info' (and everything under it)
[1.406s] Copying ../../build/robot_exploration/robot_exploration.egg-info to /home/helal/project_ws/install/robot_exploration/lib/python3.12/site-packages/robot_exploration-0.0.0-py3.12.egg-info
[1.407s] running install_scripts
[1.567s] Installing autonomous_explorer script to /home/helal/project_ws/install/robot_exploration/lib/robot_exploration
[1.567s] writing list of installed files to '/home/helal/project_ws/build/robot_exploration/install.log'
[1.590s] Invoked command in '/home/helal/project_ws/src/robot_exploration' returned '0': DEBUGINFOD_URLS=https://debuginfod.ubuntu.com PYTHONPATH=/home/helal/project_ws/build/robot_exploration/prefix_override:/usr/lib/python3/dist-packages/colcon_core/task/python/colcon_distutils_commands:/home/helal/project_ws/install/robot_exploration/lib/python3.12/site-packages:${PYTHONPATH} /usr/bin/python3 -W ignore:setup.py install is deprecated -W ignore:easy_install command is deprecated setup.py egg_info --egg-base ../../build/robot_exploration build --build-base /home/helal/project_ws/build/robot_exploration/build install --record /home/helal/project_ws/build/robot_exploration/install.log --single-version-externally-managed install_data
