-- The C compiler identification is GNU 13.3.0
-- The CXX compiler identification is GNU 13.3.0
-- Detecting C compiler ABI info
-- Detecting C compiler ABI info - done
-- Check for working C compiler: /usr/bin/cc - skipped
-- Detecting C compile features
-- Detecting C compile features - done
-- Detecting CXX compiler ABI info
-- Detecting CXX compiler ABI info - done
-- Check for working CXX compiler: /usr/bin/c++ - skipped
-- Detecting CXX compile features
-- Detecting CXX compile features - done
-- Found ament_cmake: 2.5.4 (/opt/ros/jazzy/share/ament_cmake/cmake)
-- Found Python3: /usr/bin/python3 (found version "3.12.3") found components: Interpreter 
-- Found rclcpp: 28.1.9 (/opt/ros/jazzy/share/rclcpp/cmake)
-- Found rosidl_generator_c: 4.6.5 (/opt/ros/jazzy/share/rosidl_generator_c/cmake)
-- Found rosidl_generator_cpp: 4.6.5 (/opt/ros/jazzy/share/rosidl_generator_cpp/cmake)
-- Using all available rosidl_typesupport_c: rosidl_typesupport_fastrtps_c;rosidl_typesupport_introspection_c
-- Using all available rosidl_typesupport_cpp: rosidl_typesupport_fastrtps_cpp;rosidl_typesupport_introspection_cpp
-- Found rmw_implementation_cmake: 7.3.2 (/opt/ros/jazzy/share/rmw_implementation_cmake/cmake)
-- Found rmw_fastrtps_cpp: 8.4.2 (/opt/ros/jazzy/share/rmw_fastrtps_cpp/cmake)
-- Found OpenSSL: /usr/lib/x86_64-linux-gnu/libcrypto.so (found version "3.0.13")  
-- Found FastRTPS: /opt/ros/jazzy/include (Required is at least version "2.13") 
-- Using RMW implementation 'rmw_fastrtps_cpp' as default
-- Found sensor_msgs: 5.3.6 (/opt/ros/jazzy/share/sensor_msgs/cmake)
-- Found ament_lint_auto: 0.17.2 (/opt/ros/jazzy/share/ament_lint_auto/cmake)
-- Added test 'cppcheck' to perform static code analysis on C / C++ code
-- Configured cppcheck include dirs: 
-- Configured cppcheck exclude dirs and/or files: 
-- Added test 'flake8' to check Python code syntax and style conventions
-- Configured 'flake8' exclude dirs and/or files: 
-- Added test 'lint_cmake' to check CMake code style
-- Added test 'pep257' to check Python code against some of the docstring style conventions in PEP 257
-- Added test 'uncrustify' to check C / C++ code style
-- Configured uncrustify additional arguments: 
-- Added test 'xmllint' to check XML markup files
-- Configuring done (1.2s)
-- Generating done (0.0s)
-- Build files have been written to: /home/helal/project_ws/src/build/robot_description
[ 50%] [32mBuilding CXX object CMakeFiles/fake_lidar_sub.dir/src/fake_lidar_sub.cpp.o[0m
[ 50%] [32mBuilding CXX object CMakeFiles/fake_lidar_pub.dir/src/fake_lidar_pub.cpp.o[0m
[ 75%] [32m[1mLinking CXX executable fake_lidar_pub[0m
[ 75%] Built target fake_lidar_pub
[100%] [32m[1mLinking CXX executable fake_lidar_sub[0m
[100%] Built target fake_lidar_sub
-- Install configuration: ""
-- Installing: /home/helal/project_ws/src/install/robot_description/lib/robot_description/fake_lidar_pub
-- Set non-toolchain portion of runtime path of "/home/helal/project_ws/src/install/robot_description/lib/robot_description/fake_lidar_pub" to ""
-- Installing: /home/helal/project_ws/src/install/robot_description/lib/robot_description/fake_lidar_sub
-- Set non-toolchain portion of runtime path of "/home/helal/project_ws/src/install/robot_description/lib/robot_description/fake_lidar_sub" to ""
-- Installing: /home/helal/project_ws/src/install/robot_description/share/robot_description/launch
-- Installing: /home/helal/project_ws/src/install/robot_description/share/robot_description/launch/test.launch.py
-- Installing: /home/helal/project_ws/src/install/robot_description/share/robot_description/launch/display.launch.py
-- Installing: /home/helal/project_ws/src/install/robot_description/share/robot_description/launch/gz_sim.launch.py
-- Installing: /home/helal/project_ws/src/install/robot_description/share/robot_description/meshes
-- Installing: /home/helal/project_ws/src/install/robot_description/share/robot_description/meshes/rplidar_a1m8.STL
-- Installing: /home/helal/project_ws/src/install/robot_description/share/robot_description/meshes/Link_FL.STL
-- Installing: /home/helal/project_ws/src/install/robot_description/share/robot_description/meshes/Link_BR.STL
-- Installing: /home/helal/project_ws/src/install/robot_description/share/robot_description/meshes/base_link.STL
-- Installing: /home/helal/project_ws/src/install/robot_description/share/robot_description/meshes/Link_FR.STL
-- Installing: /home/helal/project_ws/src/install/robot_description/share/robot_description/meshes/Link_BL.STL
-- Installing: /home/helal/project_ws/src/install/robot_description/share/robot_description/urdf
-- Installing: /home/helal/project_ws/src/install/robot_description/share/robot_description/urdf/rplidar_a1m8.xacro
-- Installing: /home/helal/project_ws/src/install/robot_description/share/robot_description/urdf/AutobotGDB.urdf.xacro
-- Installing: /home/helal/project_ws/src/install/robot_description/share/robot_description/urdf/AutobotGDB.csv
-- Installing: /home/helal/project_ws/src/install/robot_description/share/robot_description/urdf/plugins.xacro
-- Installing: /home/helal/project_ws/src/install/robot_description/share/robot_description/config
-- Installing: /home/helal/project_ws/src/install/robot_description/share/robot_description/config/bridge.yaml
-- Installing: /home/helal/project_ws/src/install/robot_description/share/robot_description/config/autobot.rviz
-- Installing: /home/helal/project_ws/src/install/robot_description/share/robot_description/worlds
-- Installing: /home/helal/project_ws/src/install/robot_description/share/robot_description/worlds/home.sdf
-- Installing: /home/helal/project_ws/src/install/robot_description/share/ament_index/resource_index/package_run_dependencies/robot_description
-- Installing: /home/helal/project_ws/src/install/robot_description/share/ament_index/resource_index/parent_prefix_path/robot_description
-- Installing: /home/helal/project_ws/src/install/robot_description/share/robot_description/environment/ament_prefix_path.sh
-- Installing: /home/helal/project_ws/src/install/robot_description/share/robot_description/environment/ament_prefix_path.dsv
-- Installing: /home/helal/project_ws/src/install/robot_description/share/robot_description/environment/path.sh
-- Installing: /home/helal/project_ws/src/install/robot_description/share/robot_description/environment/path.dsv
-- Installing: /home/helal/project_ws/src/install/robot_description/share/robot_description/local_setup.bash
-- Installing: /home/helal/project_ws/src/install/robot_description/share/robot_description/local_setup.sh
-- Installing: /home/helal/project_ws/src/install/robot_description/share/robot_description/local_setup.zsh
-- Installing: /home/helal/project_ws/src/install/robot_description/share/robot_description/local_setup.dsv
-- Installing: /home/helal/project_ws/src/install/robot_description/share/robot_description/package.dsv
-- Installing: /home/helal/project_ws/src/install/robot_description/share/ament_index/resource_index/packages/robot_description
-- Installing: /home/helal/project_ws/src/install/robot_description/share/robot_description/cmake/robot_descriptionConfig.cmake
-- Installing: /home/helal/project_ws/src/install/robot_description/share/robot_description/cmake/robot_descriptionConfig-version.cmake
-- Installing: /home/helal/project_ws/src/install/robot_description/share/robot_description/package.xml
