[1.906s] Invoking command in '/home/helal/project_ws/src/robot_exploration': DEBUGINFOD_URLS=https://debuginfod.ubuntu.com PYTHONPATH=/home/helal/project_ws/build/robot_exploration/prefix_override:/usr/lib/python3/dist-packages/colcon_core/task/python/colcon_distutils_commands:/home/helal/project_ws/install/robot_exploration/lib/python3.12/site-packages:${PYTHONPATH} /usr/bin/python3 -W ignore:setup.py install is deprecated -W ignore:easy_install command is deprecated setup.py egg_info --egg-base ../../build/robot_exploration build --build-base /home/helal/project_ws/build/robot_exploration/build install --record /home/helal/project_ws/build/robot_exploration/install.log --single-version-externally-managed install_data
[2.498s] running egg_info
[2.539s] writing ../../build/robot_exploration/robot_exploration.egg-info/PKG-INFO
[2.539s] writing dependency_links to ../../build/robot_exploration/robot_exploration.egg-info/dependency_links.txt
[2.539s] writing entry points to ../../build/robot_exploration/robot_exploration.egg-info/entry_points.txt
[2.540s] writing requirements to ../../build/robot_exploration/robot_exploration.egg-info/requires.txt
[2.540s] writing top-level names to ../../build/robot_exploration/robot_exploration.egg-info/top_level.txt
[2.622s] reading manifest file '../../build/robot_exploration/robot_exploration.egg-info/SOURCES.txt'
[2.624s] writing manifest file '../../build/robot_exploration/robot_exploration.egg-info/SOURCES.txt'
[2.625s] running build
[2.625s] running build_py
[2.625s] running install
[2.636s] running install_lib
[2.677s] running install_data
[2.678s] running install_egg_info
[2.723s] removing '/home/helal/project_ws/install/robot_exploration/lib/python3.12/site-packages/robot_exploration-0.0.0-py3.12.egg-info' (and everything under it)
[2.723s] Copying ../../build/robot_exploration/robot_exploration.egg-info to /home/helal/project_ws/install/robot_exploration/lib/python3.12/site-packages/robot_exploration-0.0.0-py3.12.egg-info
[2.724s] running install_scripts
[3.040s] Installing autonomous_explorer script to /home/helal/project_ws/install/robot_exploration/lib/robot_exploration
[3.040s] writing list of installed files to '/home/helal/project_ws/build/robot_exploration/install.log'
[3.166s] Invoked command in '/home/helal/project_ws/src/robot_exploration' returned '0': DEBUGINFOD_URLS=https://debuginfod.ubuntu.com PYTHONPATH=/home/helal/project_ws/build/robot_exploration/prefix_override:/usr/lib/python3/dist-packages/colcon_core/task/python/colcon_distutils_commands:/home/helal/project_ws/install/robot_exploration/lib/python3.12/site-packages:${PYTHONPATH} /usr/bin/python3 -W ignore:setup.py install is deprecated -W ignore:easy_install command is deprecated setup.py egg_info --egg-base ../../build/robot_exploration build --build-base /home/helal/project_ws/build/robot_exploration/build install --record /home/helal/project_ws/build/robot_exploration/install.log --single-version-externally-managed install_data
