running egg_info
creating ../build/my_robot_navigation/my_robot_navigation.egg-info
writing ../build/my_robot_navigation/my_robot_navigation.egg-info/PKG-INFO
writing dependency_links to ../build/my_robot_navigation/my_robot_navigation.egg-info/dependency_links.txt
writing requirements to ../build/my_robot_navigation/my_robot_navigation.egg-info/requires.txt
writing top-level names to ../build/my_robot_navigation/my_robot_navigation.egg-info/top_level.txt
writing manifest file '../build/my_robot_navigation/my_robot_navigation.egg-info/SOURCES.txt'
reading manifest file '../build/my_robot_navigation/my_robot_navigation.egg-info/SOURCES.txt'
writing manifest file '../build/my_robot_navigation/my_robot_navigation.egg-info/SOURCES.txt'
running build
running build_py
creating /home/helal/project_ws/src/build/my_robot_navigation/build
creating /home/helal/project_ws/src/build/my_robot_navigation/build/lib
creating /home/helal/project_ws/src/build/my_robot_navigation/build/lib/my_robot_navigation
copying my_robot_navigation/__init__.py -> /home/helal/project_ws/src/build/my_robot_navigation/build/lib/my_robot_navigation
running install
running install_lib
creating /home/helal/project_ws/src/install/my_robot_navigation/lib/python3.12/site-packages/my_robot_navigation
copying /home/helal/project_ws/src/build/my_robot_navigation/build/lib/my_robot_navigation/__init__.py -> /home/helal/project_ws/src/install/my_robot_navigation/lib/python3.12/site-packages/my_robot_navigation
byte-compiling /home/helal/project_ws/src/install/my_robot_navigation/lib/python3.12/site-packages/my_robot_navigation/__init__.py to __init__.cpython-312.pyc
running install_data
creating /home/helal/project_ws/src/install/my_robot_navigation/share/ament_index
creating /home/helal/project_ws/src/install/my_robot_navigation/share/ament_index/resource_index
creating /home/helal/project_ws/src/install/my_robot_navigation/share/ament_index/resource_index/packages
copying resource/my_robot_navigation -> /home/helal/project_ws/src/install/my_robot_navigation/share/ament_index/resource_index/packages
copying package.xml -> /home/helal/project_ws/src/install/my_robot_navigation/share/my_robot_navigation
running install_egg_info
Copying ../build/my_robot_navigation/my_robot_navigation.egg-info to /home/helal/project_ws/src/install/my_robot_navigation/lib/python3.12/site-packages/my_robot_navigation-0.0.0-py3.12.egg-info
running install_scripts
writing list of installed files to '/home/helal/project_ws/src/build/my_robot_navigation/install.log'
