[0.948s] Invoking command in '/home/helal/project_ws/src/my_robot_navigation': DEBUGINFOD_URLS=https://debuginfod.ubuntu.com PYTHONPATH=/home/helal/project_ws/src/build/my_robot_navigation/prefix_override:/usr/lib/python3/dist-packages/colcon_core/task/python/colcon_distutils_commands:/home/helal/project_ws/src/install/my_robot_navigation/lib/python3.12/site-packages:${PYTHONPATH} /usr/bin/python3 -W ignore:setup.py install is deprecated -W ignore:easy_install command is deprecated setup.py egg_info --egg-base ../build/my_robot_navigation build --build-base /home/helal/project_ws/src/build/my_robot_navigation/build install --record /home/helal/project_ws/src/build/my_robot_navigation/install.log --single-version-externally-managed install_data
[1.257s] running egg_info
[1.258s] creating ../build/my_robot_navigation/my_robot_navigation.egg-info
[1.282s] writing ../build/my_robot_navigation/my_robot_navigation.egg-info/PKG-INFO
[1.283s] writing dependency_links to ../build/my_robot_navigation/my_robot_navigation.egg-info/dependency_links.txt
[1.283s] writing requirements to ../build/my_robot_navigation/my_robot_navigation.egg-info/requires.txt
[1.283s] writing top-level names to ../build/my_robot_navigation/my_robot_navigation.egg-info/top_level.txt
[1.283s] writing manifest file '../build/my_robot_navigation/my_robot_navigation.egg-info/SOURCES.txt'
[1.334s] reading manifest file '../build/my_robot_navigation/my_robot_navigation.egg-info/SOURCES.txt'
[1.334s] writing manifest file '../build/my_robot_navigation/my_robot_navigation.egg-info/SOURCES.txt'
[1.334s] running build
[1.334s] running build_py
[1.335s] creating /home/helal/project_ws/src/build/my_robot_navigation/build
[1.335s] creating /home/helal/project_ws/src/build/my_robot_navigation/build/lib
[1.335s] creating /home/helal/project_ws/src/build/my_robot_navigation/build/lib/my_robot_navigation
[1.335s] copying my_robot_navigation/__init__.py -> /home/helal/project_ws/src/build/my_robot_navigation/build/lib/my_robot_navigation
[1.335s] running install
[1.341s] running install_lib
[1.367s] creating /home/helal/project_ws/src/install/my_robot_navigation/lib/python3.12/site-packages/my_robot_navigation
[1.367s] copying /home/helal/project_ws/src/build/my_robot_navigation/build/lib/my_robot_navigation/__init__.py -> /home/helal/project_ws/src/install/my_robot_navigation/lib/python3.12/site-packages/my_robot_navigation
[1.367s] byte-compiling /home/helal/project_ws/src/install/my_robot_navigation/lib/python3.12/site-packages/my_robot_navigation/__init__.py to __init__.cpython-312.pyc
[1.368s] running install_data
[1.368s] creating /home/helal/project_ws/src/install/my_robot_navigation/share/ament_index
[1.368s] creating /home/helal/project_ws/src/install/my_robot_navigation/share/ament_index/resource_index
[1.368s] creating /home/helal/project_ws/src/install/my_robot_navigation/share/ament_index/resource_index/packages
[1.368s] copying resource/my_robot_navigation -> /home/helal/project_ws/src/install/my_robot_navigation/share/ament_index/resource_index/packages
[1.368s] copying package.xml -> /home/helal/project_ws/src/install/my_robot_navigation/share/my_robot_navigation
[1.368s] running install_egg_info
[1.395s] Copying ../build/my_robot_navigation/my_robot_navigation.egg-info to /home/helal/project_ws/src/install/my_robot_navigation/lib/python3.12/site-packages/my_robot_navigation-0.0.0-py3.12.egg-info
[1.396s] running install_scripts
[1.557s] writing list of installed files to '/home/helal/project_ws/src/build/my_robot_navigation/install.log'
[1.581s] Invoked command in '/home/helal/project_ws/src/my_robot_navigation' returned '0': DEBUGINFOD_URLS=https://debuginfod.ubuntu.com PYTHONPATH=/home/helal/project_ws/src/build/my_robot_navigation/prefix_override:/usr/lib/python3/dist-packages/colcon_core/task/python/colcon_distutils_commands:/home/helal/project_ws/src/install/my_robot_navigation/lib/python3.12/site-packages:${PYTHONPATH} /usr/bin/python3 -W ignore:setup.py install is deprecated -W ignore:easy_install command is deprecated setup.py egg_info --egg-base ../build/my_robot_navigation build --build-base /home/helal/project_ws/src/build/my_robot_navigation/build install --record /home/helal/project_ws/src/build/my_robot_navigation/install.log --single-version-externally-managed install_data
