[0.123s] DEBUG:colcon:Command line arguments: ['/usr/bin/colcon', 'build']
[0.123s] DEBUG:colcon:Parsed command line arguments: Namespace(log_base=None, log_level=None, verb_name='build', build_base='build', install_base='install', merge_install=False, symlink_install=False, test_result_base=None, continue_on_error=False, executor='parallel', parallel_workers=12, event_handlers=None, ignore_user_meta=False, metas=['./colcon.meta'], base_paths=['.'], packages_ignore=None, packages_ignore_regex=None, paths=None, packages_up_to=None, packages_up_to_regex=None, packages_above=None, packages_above_and_dependencies=None, packages_above_depth=None, packages_select_by_dep=None, packages_skip_by_dep=None, packages_skip_up_to=None, packages_select_build_failed=False, packages_skip_build_finished=False, packages_select_test_failures=False, packages_skip_test_passed=False, packages_select=None, packages_skip=None, packages_select_regex=None, packages_skip_regex=None, packages_start=None, packages_end=None, allow_overriding=[], cmake_args=None, cmake_target=None, cmake_target_skip_unavailable=False, cmake_clean_cache=False, cmake_clean_first=False, cmake_force_configure=False, ament_cmake_args=None, catkin_cmake_args=None, catkin_skip_building_tests=False, mixin_files=None, mixin=None, verb_parser=<colcon_mixin.mixin.mixin_argument.MixinArgumentDecorator object at 0x7ca70348e780>, verb_extension=<colcon_core.verb.build.BuildVerb object at 0x7ca70348e450>, main=<bound method BuildVerb.main of <colcon_core.verb.build.BuildVerb object at 0x7ca70348e450>>, mixin_verb=('build',))
[0.161s] Level 1:colcon.colcon_core.package_discovery:discover_packages(colcon_meta) check parameters
[0.161s] Level 1:colcon.colcon_core.package_discovery:discover_packages(recursive) check parameters
[0.161s] Level 1:colcon.colcon_core.package_discovery:discover_packages(ignore) check parameters
[0.162s] Level 1:colcon.colcon_core.package_discovery:discover_packages(path) check parameters
[0.162s] Level 1:colcon.colcon_core.package_discovery:discover_packages(colcon_meta) discover
[0.162s] Level 1:colcon.colcon_core.package_discovery:discover_packages(recursive) discover
[0.162s] INFO:colcon.colcon_core.package_discovery:Crawling recursively for packages in '/home/helal/project_ws'
[0.162s] Level 1:colcon.colcon_core.package_identification:_identify(.) by extensions ['ignore', 'ignore_ament_install']
[0.162s] Level 1:colcon.colcon_core.package_identification:_identify(.) by extension 'ignore'
[0.162s] Level 1:colcon.colcon_core.package_identification:_identify(.) by extension 'ignore_ament_install'
[0.162s] Level 1:colcon.colcon_core.package_identification:_identify(.) by extensions ['colcon_pkg']
[0.162s] Level 1:colcon.colcon_core.package_identification:_identify(.) by extension 'colcon_pkg'
[0.162s] Level 1:colcon.colcon_core.package_identification:_identify(.) by extensions ['colcon_meta']
[0.162s] Level 1:colcon.colcon_core.package_identification:_identify(.) by extension 'colcon_meta'
[0.162s] Level 1:colcon.colcon_core.package_identification:_identify(.) by extensions ['ros']
[0.162s] Level 1:colcon.colcon_core.package_identification:_identify(.) by extension 'ros'
[0.188s] Level 1:colcon.colcon_core.package_identification:_identify(.) by extensions ['cmake', 'python']
[0.188s] Level 1:colcon.colcon_core.package_identification:_identify(.) by extension 'cmake'
[0.188s] Level 1:colcon.colcon_core.package_identification:_identify(.) by extension 'python'
[0.188s] Level 1:colcon.colcon_core.package_identification:_identify(.) by extensions ['python_setup_py']
[0.188s] Level 1:colcon.colcon_core.package_identification:_identify(.) by extension 'python_setup_py'
[0.188s] Level 1:colcon.colcon_core.package_identification:_identify(build) by extensions ['ignore', 'ignore_ament_install']
[0.188s] Level 1:colcon.colcon_core.package_identification:_identify(build) by extension 'ignore'
[0.188s] Level 1:colcon.colcon_core.package_identification:_identify(build) ignored
[0.188s] Level 1:colcon.colcon_core.package_identification:_identify(install) by extensions ['ignore', 'ignore_ament_install']
[0.188s] Level 1:colcon.colcon_core.package_identification:_identify(install) by extension 'ignore'
[0.189s] Level 1:colcon.colcon_core.package_identification:_identify(install) ignored
[0.189s] Level 1:colcon.colcon_core.package_identification:_identify(log) by extensions ['ignore', 'ignore_ament_install']
[0.189s] Level 1:colcon.colcon_core.package_identification:_identify(log) by extension 'ignore'
[0.189s] Level 1:colcon.colcon_core.package_identification:_identify(log) ignored
[0.189s] Level 1:colcon.colcon_core.package_identification:_identify(src) by extensions ['ignore', 'ignore_ament_install']
[0.189s] Level 1:colcon.colcon_core.package_identification:_identify(src) by extension 'ignore'
[0.189s] Level 1:colcon.colcon_core.package_identification:_identify(src) by extension 'ignore_ament_install'
[0.189s] Level 1:colcon.colcon_core.package_identification:_identify(src) by extensions ['colcon_pkg']
[0.189s] Level 1:colcon.colcon_core.package_identification:_identify(src) by extension 'colcon_pkg'
[0.189s] Level 1:colcon.colcon_core.package_identification:_identify(src) by extensions ['colcon_meta']
[0.189s] Level 1:colcon.colcon_core.package_identification:_identify(src) by extension 'colcon_meta'
[0.189s] Level 1:colcon.colcon_core.package_identification:_identify(src) by extensions ['ros']
[0.189s] Level 1:colcon.colcon_core.package_identification:_identify(src) by extension 'ros'
[0.189s] Level 1:colcon.colcon_core.package_identification:_identify(src) by extensions ['cmake', 'python']
[0.189s] Level 1:colcon.colcon_core.package_identification:_identify(src) by extension 'cmake'
[0.189s] Level 1:colcon.colcon_core.package_identification:_identify(src) by extension 'python'
[0.189s] Level 1:colcon.colcon_core.package_identification:_identify(src) by extensions ['python_setup_py']
[0.189s] Level 1:colcon.colcon_core.package_identification:_identify(src) by extension 'python_setup_py'
[0.189s] Level 1:colcon.colcon_core.package_identification:_identify(src/build) by extensions ['ignore', 'ignore_ament_install']
[0.190s] Level 1:colcon.colcon_core.package_identification:_identify(src/build) by extension 'ignore'
[0.190s] Level 1:colcon.colcon_core.package_identification:_identify(src/build) ignored
[0.190s] Level 1:colcon.colcon_core.package_identification:_identify(src/install) by extensions ['ignore', 'ignore_ament_install']
[0.190s] Level 1:colcon.colcon_core.package_identification:_identify(src/install) by extension 'ignore'
[0.190s] Level 1:colcon.colcon_core.package_identification:_identify(src/install) ignored
[0.190s] Level 1:colcon.colcon_core.package_identification:_identify(src/log) by extensions ['ignore', 'ignore_ament_install']
[0.190s] Level 1:colcon.colcon_core.package_identification:_identify(src/log) by extension 'ignore'
[0.190s] Level 1:colcon.colcon_core.package_identification:_identify(src/log) ignored
[0.190s] Level 1:colcon.colcon_core.package_identification:_identify(src/robot_description) by extensions ['ignore', 'ignore_ament_install']
[0.190s] Level 1:colcon.colcon_core.package_identification:_identify(src/robot_description) by extension 'ignore'
[0.190s] Level 1:colcon.colcon_core.package_identification:_identify(src/robot_description) by extension 'ignore_ament_install'
[0.190s] Level 1:colcon.colcon_core.package_identification:_identify(src/robot_description) by extensions ['colcon_pkg']
[0.190s] Level 1:colcon.colcon_core.package_identification:_identify(src/robot_description) by extension 'colcon_pkg'
[0.190s] Level 1:colcon.colcon_core.package_identification:_identify(src/robot_description) by extensions ['colcon_meta']
[0.190s] Level 1:colcon.colcon_core.package_identification:_identify(src/robot_description) by extension 'colcon_meta'
[0.190s] Level 1:colcon.colcon_core.package_identification:_identify(src/robot_description) by extensions ['ros']
[0.190s] Level 1:colcon.colcon_core.package_identification:_identify(src/robot_description) by extension 'ros'
[0.193s] DEBUG:colcon.colcon_core.package_identification:Package 'src/robot_description' with type 'ros.ament_cmake' and name 'robot_description'
[0.193s] Level 1:colcon.colcon_core.package_identification:_identify(src/robot_exploration) by extensions ['ignore', 'ignore_ament_install']
[0.193s] Level 1:colcon.colcon_core.package_identification:_identify(src/robot_exploration) by extension 'ignore'
[0.193s] Level 1:colcon.colcon_core.package_identification:_identify(src/robot_exploration) by extension 'ignore_ament_install'
[0.193s] Level 1:colcon.colcon_core.package_identification:_identify(src/robot_exploration) by extensions ['colcon_pkg']
[0.193s] Level 1:colcon.colcon_core.package_identification:_identify(src/robot_exploration) by extension 'colcon_pkg'
[0.193s] Level 1:colcon.colcon_core.package_identification:_identify(src/robot_exploration) by extensions ['colcon_meta']
[0.193s] Level 1:colcon.colcon_core.package_identification:_identify(src/robot_exploration) by extension 'colcon_meta'
[0.193s] Level 1:colcon.colcon_core.package_identification:_identify(src/robot_exploration) by extensions ['ros']
[0.193s] Level 1:colcon.colcon_core.package_identification:_identify(src/robot_exploration) by extension 'ros'
[0.194s] DEBUG:colcon.colcon_core.package_identification:Package 'src/robot_exploration' with type 'ros.ament_python' and name 'robot_exploration'
[0.194s] Level 1:colcon.colcon_core.package_discovery:discover_packages(recursive) using defaults
[0.194s] Level 1:colcon.colcon_core.package_discovery:discover_packages(ignore) discover
[0.194s] Level 1:colcon.colcon_core.package_discovery:discover_packages(ignore) using defaults
[0.194s] Level 1:colcon.colcon_core.package_discovery:discover_packages(path) discover
[0.194s] Level 1:colcon.colcon_core.package_discovery:discover_packages(path) using defaults
[0.211s] Level 1:colcon.colcon_core.package_discovery:discover_packages(prefix_path) check parameters
[0.212s] Level 1:colcon.colcon_core.package_discovery:discover_packages(prefix_path) discover
[0.215s] DEBUG:colcon.colcon_installed_package_information.package_discovery:Found 484 installed packages in /opt/ros/jazzy
[0.218s] Level 1:colcon.colcon_core.package_discovery:discover_packages(prefix_path) using defaults
[0.286s] Level 5:colcon.colcon_core.verb:set package 'robot_description' build argument 'cmake_args' from command line to 'None'
[0.286s] Level 5:colcon.colcon_core.verb:set package 'robot_description' build argument 'cmake_target' from command line to 'None'
[0.286s] Level 5:colcon.colcon_core.verb:set package 'robot_description' build argument 'cmake_target_skip_unavailable' from command line to 'False'
[0.286s] Level 5:colcon.colcon_core.verb:set package 'robot_description' build argument 'cmake_clean_cache' from command line to 'False'
[0.286s] Level 5:colcon.colcon_core.verb:set package 'robot_description' build argument 'cmake_clean_first' from command line to 'False'
[0.286s] Level 5:colcon.colcon_core.verb:set package 'robot_description' build argument 'cmake_force_configure' from command line to 'False'
[0.286s] Level 5:colcon.colcon_core.verb:set package 'robot_description' build argument 'ament_cmake_args' from command line to 'None'
[0.286s] Level 5:colcon.colcon_core.verb:set package 'robot_description' build argument 'catkin_cmake_args' from command line to 'None'
[0.286s] Level 5:colcon.colcon_core.verb:set package 'robot_description' build argument 'catkin_skip_building_tests' from command line to 'False'
[0.286s] DEBUG:colcon.colcon_core.verb:Building package 'robot_description' with the following arguments: {'ament_cmake_args': None, 'build_base': '/home/helal/project_ws/build/robot_description', 'catkin_cmake_args': None, 'catkin_skip_building_tests': False, 'cmake_args': None, 'cmake_clean_cache': False, 'cmake_clean_first': False, 'cmake_force_configure': False, 'cmake_target': None, 'cmake_target_skip_unavailable': False, 'install_base': '/home/helal/project_ws/install/robot_description', 'merge_install': False, 'path': '/home/helal/project_ws/src/robot_description', 'symlink_install': False, 'test_result_base': None}
[0.287s] Level 5:colcon.colcon_core.verb:set package 'robot_exploration' build argument 'cmake_args' from command line to 'None'
[0.287s] Level 5:colcon.colcon_core.verb:set package 'robot_exploration' build argument 'cmake_target' from command line to 'None'
[0.287s] Level 5:colcon.colcon_core.verb:set package 'robot_exploration' build argument 'cmake_target_skip_unavailable' from command line to 'False'
[0.287s] Level 5:colcon.colcon_core.verb:set package 'robot_exploration' build argument 'cmake_clean_cache' from command line to 'False'
[0.287s] Level 5:colcon.colcon_core.verb:set package 'robot_exploration' build argument 'cmake_clean_first' from command line to 'False'
[0.287s] Level 5:colcon.colcon_core.verb:set package 'robot_exploration' build argument 'cmake_force_configure' from command line to 'False'
[0.287s] Level 5:colcon.colcon_core.verb:set package 'robot_exploration' build argument 'ament_cmake_args' from command line to 'None'
[0.287s] Level 5:colcon.colcon_core.verb:set package 'robot_exploration' build argument 'catkin_cmake_args' from command line to 'None'
[0.287s] Level 5:colcon.colcon_core.verb:set package 'robot_exploration' build argument 'catkin_skip_building_tests' from command line to 'False'
[0.287s] DEBUG:colcon.colcon_core.verb:Building package 'robot_exploration' with the following arguments: {'ament_cmake_args': None, 'build_base': '/home/helal/project_ws/build/robot_exploration', 'catkin_cmake_args': None, 'catkin_skip_building_tests': False, 'cmake_args': None, 'cmake_clean_cache': False, 'cmake_clean_first': False, 'cmake_force_configure': False, 'cmake_target': None, 'cmake_target_skip_unavailable': False, 'install_base': '/home/helal/project_ws/install/robot_exploration', 'merge_install': False, 'path': '/home/helal/project_ws/src/robot_exploration', 'symlink_install': False, 'test_result_base': None}
[0.287s] INFO:colcon.colcon_core.executor:Executing jobs using 'parallel' executor
[0.287s] DEBUG:colcon.colcon_parallel_executor.executor.parallel:run_until_complete
[0.288s] INFO:colcon.colcon_ros.task.ament_cmake.build:Building ROS package in '/home/helal/project_ws/src/robot_description' with build type 'ament_cmake'
[0.288s] INFO:colcon.colcon_cmake.task.cmake.build:Building CMake package in '/home/helal/project_ws/src/robot_description'
[0.291s] INFO:colcon.colcon_core.plugin_system:Skipping extension 'colcon_core.shell.bat': Not used on non-Windows systems
[0.291s] INFO:colcon.colcon_core.shell:Skip shell extension 'powershell' for command environment: Not usable outside of PowerShell
[0.291s] DEBUG:colcon.colcon_core.shell:Skip shell extension 'dsv' for command environment
[0.296s] INFO:colcon.colcon_ros.task.ament_python.build:Building ROS package in '/home/helal/project_ws/src/robot_exploration' with build type 'ament_python'
[0.296s] Level 1:colcon.colcon_core.shell:create_environment_hook('robot_exploration', 'ament_prefix_path')
[0.296s] INFO:colcon.colcon_core.shell:Creating environment hook '/home/helal/project_ws/install/robot_exploration/share/robot_exploration/hook/ament_prefix_path.ps1'
[0.297s] INFO:colcon.colcon_core.shell:Creating environment descriptor '/home/helal/project_ws/install/robot_exploration/share/robot_exploration/hook/ament_prefix_path.dsv'
[0.298s] INFO:colcon.colcon_core.shell:Creating environment hook '/home/helal/project_ws/install/robot_exploration/share/robot_exploration/hook/ament_prefix_path.sh'
[0.298s] INFO:colcon.colcon_core.shell:Skip shell extension 'powershell' for command environment: Not usable outside of PowerShell
[0.299s] DEBUG:colcon.colcon_core.shell:Skip shell extension 'dsv' for command environment
[0.306s] DEBUG:colcon.colcon_core.event_handler.log_command:Invoking command in '/home/helal/project_ws/build/robot_description': CMAKE_PREFIX_PATH=${CMAKE_PREFIX_PATH}:/opt/ros/jazzy DEBUGINFOD_URLS=https://debuginfod.ubuntu.com /usr/bin/cmake --build /home/helal/project_ws/build/robot_description -- -j12 -l12
[0.581s] INFO:colcon.colcon_core.task.python.build:Building Python package in '/home/helal/project_ws/src/robot_exploration'
[0.581s] INFO:colcon.colcon_core.shell:Skip shell extension 'powershell' for command environment: Not usable outside of PowerShell
[0.581s] DEBUG:colcon.colcon_core.shell:Skip shell extension 'dsv' for command environment
[0.585s] DEBUG:colcon.colcon_core.event_handler.log_command:Invoked command in '/home/helal/project_ws/build/robot_description' returned '0': CMAKE_PREFIX_PATH=${CMAKE_PREFIX_PATH}:/opt/ros/jazzy DEBUGINFOD_URLS=https://debuginfod.ubuntu.com /usr/bin/cmake --build /home/helal/project_ws/build/robot_description -- -j12 -l12
[0.597s] DEBUG:colcon.colcon_core.event_handler.log_command:Invoking command in '/home/helal/project_ws/build/robot_description': CMAKE_PREFIX_PATH=${CMAKE_PREFIX_PATH}:/opt/ros/jazzy DEBUGINFOD_URLS=https://debuginfod.ubuntu.com /usr/bin/cmake --install /home/helal/project_ws/build/robot_description
[0.610s] Level 1:colcon.colcon_core.environment:create_environment_scripts_only(robot_description)
[0.615s] DEBUG:colcon.colcon_core.event_handler.log_command:Invoked command in '/home/helal/project_ws/build/robot_description' returned '0': CMAKE_PREFIX_PATH=${CMAKE_PREFIX_PATH}:/opt/ros/jazzy DEBUGINFOD_URLS=https://debuginfod.ubuntu.com /usr/bin/cmake --install /home/helal/project_ws/build/robot_description
[0.620s] Level 1:colcon.colcon_core.environment:checking '/home/helal/project_ws/install/robot_description' for CMake module files
[0.621s] Level 1:colcon.colcon_core.environment:checking '/home/helal/project_ws/install/robot_description' for CMake config files
[0.622s] Level 1:colcon.colcon_core.shell:create_environment_hook('robot_description', 'cmake_prefix_path')
[0.622s] INFO:colcon.colcon_core.shell:Creating environment hook '/home/helal/project_ws/install/robot_description/share/robot_description/hook/cmake_prefix_path.ps1'
[0.623s] INFO:colcon.colcon_core.shell:Creating environment descriptor '/home/helal/project_ws/install/robot_description/share/robot_description/hook/cmake_prefix_path.dsv'
[0.623s] INFO:colcon.colcon_core.shell:Creating environment hook '/home/helal/project_ws/install/robot_description/share/robot_description/hook/cmake_prefix_path.sh'
[0.624s] Level 1:colcon.colcon_core.environment:checking '/home/helal/project_ws/install/robot_description/lib'
[0.624s] Level 1:colcon.colcon_core.environment:checking '/home/helal/project_ws/install/robot_description/bin'
[0.625s] Level 1:colcon.colcon_core.environment:checking '/home/helal/project_ws/install/robot_description/lib/pkgconfig/robot_description.pc'
[0.625s] Level 1:colcon.colcon_core.environment:checking '/home/helal/project_ws/install/robot_description/lib/python3.12/site-packages'
[0.625s] Level 1:colcon.colcon_core.environment:checking '/home/helal/project_ws/install/robot_description/bin'
[0.626s] INFO:colcon.colcon_core.shell:Creating package script '/home/helal/project_ws/install/robot_description/share/robot_description/package.ps1'
[0.627s] INFO:colcon.colcon_core.shell:Creating package descriptor '/home/helal/project_ws/install/robot_description/share/robot_description/package.dsv'
[0.628s] INFO:colcon.colcon_core.shell:Creating package script '/home/helal/project_ws/install/robot_description/share/robot_description/package.sh'
[0.629s] INFO:colcon.colcon_core.shell:Creating package script '/home/helal/project_ws/install/robot_description/share/robot_description/package.bash'
[0.641s] INFO:colcon.colcon_core.shell:Creating package script '/home/helal/project_ws/install/robot_description/share/robot_description/package.zsh'
[0.642s] Level 1:colcon.colcon_core.environment:create_file_with_runtime_dependencies(/home/helal/project_ws/install/robot_description/share/colcon-core/packages/robot_description)
[0.642s] Level 1:colcon.colcon_core.environment:create_environment_scripts_only(robot_description)
[0.642s] Level 1:colcon.colcon_core.environment:checking '/home/helal/project_ws/install/robot_description' for CMake module files
[0.643s] Level 1:colcon.colcon_core.environment:checking '/home/helal/project_ws/install/robot_description' for CMake config files
[0.643s] Level 1:colcon.colcon_core.shell:create_environment_hook('robot_description', 'cmake_prefix_path')
[0.643s] INFO:colcon.colcon_core.shell:Creating environment hook '/home/helal/project_ws/install/robot_description/share/robot_description/hook/cmake_prefix_path.ps1'
[0.644s] INFO:colcon.colcon_core.shell:Creating environment descriptor '/home/helal/project_ws/install/robot_description/share/robot_description/hook/cmake_prefix_path.dsv'
[0.644s] INFO:colcon.colcon_core.shell:Creating environment hook '/home/helal/project_ws/install/robot_description/share/robot_description/hook/cmake_prefix_path.sh'
[0.644s] Level 1:colcon.colcon_core.environment:checking '/home/helal/project_ws/install/robot_description/lib'
[0.645s] Level 1:colcon.colcon_core.environment:checking '/home/helal/project_ws/install/robot_description/bin'
[0.645s] Level 1:colcon.colcon_core.environment:checking '/home/helal/project_ws/install/robot_description/lib/pkgconfig/robot_description.pc'
[0.645s] Level 1:colcon.colcon_core.environment:checking '/home/helal/project_ws/install/robot_description/lib/python3.12/site-packages'
[0.645s] Level 1:colcon.colcon_core.environment:checking '/home/helal/project_ws/install/robot_description/bin'
[0.645s] INFO:colcon.colcon_core.shell:Creating package script '/home/helal/project_ws/install/robot_description/share/robot_description/package.ps1'
[0.646s] INFO:colcon.colcon_core.shell:Creating package descriptor '/home/helal/project_ws/install/robot_description/share/robot_description/package.dsv'
[0.646s] INFO:colcon.colcon_core.shell:Creating package script '/home/helal/project_ws/install/robot_description/share/robot_description/package.sh'
[0.647s] INFO:colcon.colcon_core.shell:Creating package script '/home/helal/project_ws/install/robot_description/share/robot_description/package.bash'
[0.647s] INFO:colcon.colcon_core.shell:Creating package script '/home/helal/project_ws/install/robot_description/share/robot_description/package.zsh'
[0.647s] Level 1:colcon.colcon_core.environment:create_file_with_runtime_dependencies(/home/helal/project_ws/install/robot_description/share/colcon-core/packages/robot_description)
[1.425s] DEBUG:colcon.colcon_core.event_handler.log_command:Invoking command in '/home/helal/project_ws/src/robot_exploration': DEBUGINFOD_URLS=https://debuginfod.ubuntu.com PYTHONPATH=/home/helal/project_ws/build/robot_exploration/prefix_override:/usr/lib/python3/dist-packages/colcon_core/task/python/colcon_distutils_commands:/home/helal/project_ws/install/robot_exploration/lib/python3.12/site-packages:${PYTHONPATH} /usr/bin/python3 -W ignore:setup.py install is deprecated -W ignore:easy_install command is deprecated setup.py egg_info --egg-base ../../build/robot_exploration build --build-base /home/helal/project_ws/build/robot_exploration/build install --record /home/helal/project_ws/build/robot_exploration/install.log --single-version-externally-managed install_data
[2.150s] Level 1:colcon.colcon_core.environment:checking '/home/helal/project_ws/install/robot_exploration' for CMake module files
[2.150s] DEBUG:colcon.colcon_core.event_handler.log_command:Invoked command in '/home/helal/project_ws/src/robot_exploration' returned '0': DEBUGINFOD_URLS=https://debuginfod.ubuntu.com PYTHONPATH=/home/helal/project_ws/build/robot_exploration/prefix_override:/usr/lib/python3/dist-packages/colcon_core/task/python/colcon_distutils_commands:/home/helal/project_ws/install/robot_exploration/lib/python3.12/site-packages:${PYTHONPATH} /usr/bin/python3 -W ignore:setup.py install is deprecated -W ignore:easy_install command is deprecated setup.py egg_info --egg-base ../../build/robot_exploration build --build-base /home/helal/project_ws/build/robot_exploration/build install --record /home/helal/project_ws/build/robot_exploration/install.log --single-version-externally-managed install_data
[2.151s] Level 1:colcon.colcon_core.environment:checking '/home/helal/project_ws/install/robot_exploration' for CMake config files
[2.151s] Level 1:colcon.colcon_core.environment:checking '/home/helal/project_ws/install/robot_exploration/lib'
[2.151s] Level 1:colcon.colcon_core.environment:checking '/home/helal/project_ws/install/robot_exploration/bin'
[2.152s] Level 1:colcon.colcon_core.environment:checking '/home/helal/project_ws/install/robot_exploration/lib/pkgconfig/robot_exploration.pc'
[2.152s] Level 1:colcon.colcon_core.environment:checking '/home/helal/project_ws/install/robot_exploration/lib/python3.12/site-packages'
[2.152s] Level 1:colcon.colcon_core.shell:create_environment_hook('robot_exploration', 'pythonpath')
[2.152s] INFO:colcon.colcon_core.shell:Creating environment hook '/home/helal/project_ws/install/robot_exploration/share/robot_exploration/hook/pythonpath.ps1'
[2.152s] INFO:colcon.colcon_core.shell:Creating environment descriptor '/home/helal/project_ws/install/robot_exploration/share/robot_exploration/hook/pythonpath.dsv'
[2.153s] INFO:colcon.colcon_core.shell:Creating environment hook '/home/helal/project_ws/install/robot_exploration/share/robot_exploration/hook/pythonpath.sh'
[2.153s] Level 1:colcon.colcon_core.environment:checking '/home/helal/project_ws/install/robot_exploration/bin'
[2.153s] Level 1:colcon.colcon_core.environment:create_environment_scripts_only(robot_exploration)
[2.154s] INFO:colcon.colcon_core.shell:Creating package script '/home/helal/project_ws/install/robot_exploration/share/robot_exploration/package.ps1'
[2.154s] INFO:colcon.colcon_core.shell:Creating package descriptor '/home/helal/project_ws/install/robot_exploration/share/robot_exploration/package.dsv'
[2.155s] INFO:colcon.colcon_core.shell:Creating package script '/home/helal/project_ws/install/robot_exploration/share/robot_exploration/package.sh'
[2.155s] INFO:colcon.colcon_core.shell:Creating package script '/home/helal/project_ws/install/robot_exploration/share/robot_exploration/package.bash'
[2.155s] INFO:colcon.colcon_core.shell:Creating package script '/home/helal/project_ws/install/robot_exploration/share/robot_exploration/package.zsh'
[2.156s] Level 1:colcon.colcon_core.environment:create_file_with_runtime_dependencies(/home/helal/project_ws/install/robot_exploration/share/colcon-core/packages/robot_exploration)
[2.156s] DEBUG:colcon.colcon_parallel_executor.executor.parallel:closing loop
[2.156s] DEBUG:colcon.colcon_parallel_executor.executor.parallel:loop closed
[2.156s] DEBUG:colcon.colcon_parallel_executor.executor.parallel:run_until_complete finished with '0'
[2.156s] DEBUG:colcon.colcon_core.event_reactor:joining thread
[2.162s] INFO:colcon.colcon_core.plugin_system:Skipping extension 'colcon_notification.desktop_notification.terminal_notifier': Not used on non-Darwin systems
[2.162s] INFO:colcon.colcon_core.plugin_system:Skipping extension 'colcon_notification.desktop_notification.win32': Not used on non-Windows systems
[2.162s] INFO:colcon.colcon_notification.desktop_notification:Sending desktop notification using 'notify2'
[2.187s] DEBUG:colcon.colcon_core.event_reactor:joined thread
[2.188s] INFO:colcon.colcon_core.shell:Creating prefix script '/home/helal/project_ws/install/local_setup.ps1'
[2.189s] INFO:colcon.colcon_core.shell:Creating prefix util module '/home/helal/project_ws/install/_local_setup_util_ps1.py'
[2.190s] INFO:colcon.colcon_core.shell:Creating prefix chain script '/home/helal/project_ws/install/setup.ps1'
[2.191s] INFO:colcon.colcon_core.shell:Creating prefix script '/home/helal/project_ws/install/local_setup.sh'
[2.192s] INFO:colcon.colcon_core.shell:Creating prefix util module '/home/helal/project_ws/install/_local_setup_util_sh.py'
[2.192s] INFO:colcon.colcon_core.shell:Creating prefix chain script '/home/helal/project_ws/install/setup.sh'
[2.194s] INFO:colcon.colcon_core.shell:Creating prefix script '/home/helal/project_ws/install/local_setup.bash'
[2.194s] INFO:colcon.colcon_core.shell:Creating prefix chain script '/home/helal/project_ws/install/setup.bash'
[2.195s] INFO:colcon.colcon_core.shell:Creating prefix script '/home/helal/project_ws/install/local_setup.zsh'
[2.196s] INFO:colcon.colcon_core.shell:Creating prefix chain script '/home/helal/project_ws/install/setup.zsh'
