[ 75%] Built target fake_lidar_pub
[100%] Built target fake_lidar_sub
-- Install configuration: ""
-- Up-to-date: /home/helal/project_ws/install/robot_description/lib/robot_description/fake_lidar_pub
-- Up-to-date: /home/helal/project_ws/install/robot_description/lib/robot_description/fake_lidar_sub
-- Up-to-date: /home/helal/project_ws/install/robot_description/share/robot_description/launch
-- Up-to-date: /home/helal/project_ws/install/robot_description/share/robot_description/launch/test.launch.py
-- Up-to-date: /home/helal/project_ws/install/robot_description/share/robot_description/launch/navigation_with_slam.launch.py
-- Up-to-date: /home/helal/project_ws/install/robot_description/share/robot_description/launch/spawn_robot.launch.py
-- Up-to-date: /home/helal/project_ws/install/robot_description/share/robot_description/launch/world.launch.py
-- Up-to-date: /home/helal/project_ws/install/robot_description/share/robot_description/launch/display.launch.py
-- Up-to-date: /home/helal/project_ws/install/robot_description/share/robot_description/launch/mapping.launch.py
-- Up-to-date: /home/helal/project_ws/install/robot_description/share/robot_description/launch/gz_sim.launch.py
-- Up-to-date: /home/helal/project_ws/install/robot_description/share/robot_description/launch/navigation.launch.py
-- Up-to-date: /home/helal/project_ws/install/robot_description/share/robot_description/meshes
-- Up-to-date: /home/helal/project_ws/install/robot_description/share/robot_description/meshes/rplidar_a1m8.STL
-- Up-to-date: /home/helal/project_ws/install/robot_description/share/robot_description/meshes/Link_FL.STL
-- Up-to-date: /home/helal/project_ws/install/robot_description/share/robot_description/meshes/Link_BR.STL
-- Up-to-date: /home/helal/project_ws/install/robot_description/share/robot_description/meshes/base_link.STL
-- Up-to-date: /home/helal/project_ws/install/robot_description/share/robot_description/meshes/Link_FR.STL
-- Up-to-date: /home/helal/project_ws/install/robot_description/share/robot_description/meshes/Link_BL.STL
-- Up-to-date: /home/helal/project_ws/install/robot_description/share/robot_description/urdf
-- Up-to-date: /home/helal/project_ws/install/robot_description/share/robot_description/urdf/rplidar_a1m8.xacro
-- Up-to-date: /home/helal/project_ws/install/robot_description/share/robot_description/urdf/AutobotGDB.urdf.xacro
-- Up-to-date: /home/helal/project_ws/install/robot_description/share/robot_description/urdf/AutobotGDB.csv
-- Up-to-date: /home/helal/project_ws/install/robot_description/share/robot_description/urdf/plugins.xacro
-- Up-to-date: /home/helal/project_ws/install/robot_description/share/robot_description/config
-- Up-to-date: /home/helal/project_ws/install/robot_description/share/robot_description/config/bridge.yaml
-- Up-to-date: /home/helal/project_ws/install/robot_description/share/robot_description/config/amcl_localization.yaml
-- Up-to-date: /home/helal/project_ws/install/robot_description/share/robot_description/config/ekf.yaml
-- Installing: /home/helal/project_ws/install/robot_description/share/robot_description/config/navigation.yaml
-- Up-to-date: /home/helal/project_ws/install/robot_description/share/robot_description/config/autobot.rviz
-- Up-to-date: /home/helal/project_ws/install/robot_description/share/robot_description/config/slam_toolbox_mapping.yaml
-- Up-to-date: /home/helal/project_ws/install/robot_description/share/robot_description/worlds
-- Up-to-date: /home/helal/project_ws/install/robot_description/share/robot_description/worlds/home.sdf
-- Up-to-date: /home/helal/project_ws/install/robot_description/share/robot_description/rviz
-- Up-to-date: /home/helal/project_ws/install/robot_description/share/robot_description/rviz/navigation.rviz
-- Up-to-date: /home/helal/project_ws/install/robot_description/share/robot_description/rviz/mapping.rviz
-- Up-to-date: /home/helal/project_ws/install/robot_description/share/robot_description/maps
-- Up-to-date: /home/helal/project_ws/install/robot_description/share/robot_description/maps/my_map.pgm
-- Up-to-date: /home/helal/project_ws/install/robot_description/share/robot_description/maps/my_map.yaml
-- Up-to-date: /home/helal/project_ws/install/robot_description/share/ament_index/resource_index/package_run_dependencies/robot_description
-- Up-to-date: /home/helal/project_ws/install/robot_description/share/ament_index/resource_index/parent_prefix_path/robot_description
-- Up-to-date: /home/helal/project_ws/install/robot_description/share/robot_description/environment/ament_prefix_path.sh
-- Up-to-date: /home/helal/project_ws/install/robot_description/share/robot_description/environment/ament_prefix_path.dsv
-- Up-to-date: /home/helal/project_ws/install/robot_description/share/robot_description/environment/path.sh
-- Up-to-date: /home/helal/project_ws/install/robot_description/share/robot_description/environment/path.dsv
-- Up-to-date: /home/helal/project_ws/install/robot_description/share/robot_description/local_setup.bash
-- Up-to-date: /home/helal/project_ws/install/robot_description/share/robot_description/local_setup.sh
-- Up-to-date: /home/helal/project_ws/install/robot_description/share/robot_description/local_setup.zsh
-- Up-to-date: /home/helal/project_ws/install/robot_description/share/robot_description/local_setup.dsv
-- Installing: /home/helal/project_ws/install/robot_description/share/robot_description/package.dsv
-- Up-to-date: /home/helal/project_ws/install/robot_description/share/ament_index/resource_index/packages/robot_description
-- Up-to-date: /home/helal/project_ws/install/robot_description/share/robot_description/cmake/robot_descriptionConfig.cmake
-- Up-to-date: /home/helal/project_ws/install/robot_description/share/robot_description/cmake/robot_descriptionConfig-version.cmake
-- Up-to-date: /home/helal/project_ws/install/robot_description/share/robot_description/package.xml
