[0.955s] Invoking command in '/home/helal/project_ws/src/robot_exploration': DEBUGINFOD_URLS=https://debuginfod.ubuntu.com PYTHONPATH=/home/helal/project_ws/build/robot_exploration/prefix_override:/usr/lib/python3/dist-packages/colcon_core/task/python/colcon_distutils_commands:/home/helal/project_ws/install/robot_exploration/lib/python3.12/site-packages:${PYTHONPATH} /usr/bin/python3 -W ignore:setup.py install is deprecated -W ignore:easy_install command is deprecated setup.py egg_info --egg-base ../../build/robot_exploration build --build-base /home/helal/project_ws/build/robot_exploration/build install --record /home/helal/project_ws/build/robot_exploration/install.log --single-version-externally-managed install_data
[1.265s] running egg_info
[1.289s] writing ../../build/robot_exploration/robot_exploration.egg-info/PKG-INFO
[1.290s] writing dependency_links to ../../build/robot_exploration/robot_exploration.egg-info/dependency_links.txt
[1.290s] writing entry points to ../../build/robot_exploration/robot_exploration.egg-info/entry_points.txt
[1.290s] writing requirements to ../../build/robot_exploration/robot_exploration.egg-info/requires.txt
[1.290s] writing top-level names to ../../build/robot_exploration/robot_exploration.egg-info/top_level.txt
[1.342s] reading manifest file '../../build/robot_exploration/robot_exploration.egg-info/SOURCES.txt'
[1.343s] writing manifest file '../../build/robot_exploration/robot_exploration.egg-info/SOURCES.txt'
[1.343s] running build
[1.343s] running build_py
[1.343s] running install
[1.349s] running install_lib
[1.375s] running install_data
[1.375s] running install_egg_info
[1.401s] removing '/home/helal/project_ws/install/robot_exploration/lib/python3.12/site-packages/robot_exploration-0.0.0-py3.12.egg-info' (and everything under it)
[1.401s] Copying ../../build/robot_exploration/robot_exploration.egg-info to /home/helal/project_ws/install/robot_exploration/lib/python3.12/site-packages/robot_exploration-0.0.0-py3.12.egg-info
[1.402s] running install_scripts
[1.560s] Installing autonomous_explorer script to /home/helal/project_ws/install/robot_exploration/lib/robot_exploration
[1.561s] writing list of installed files to '/home/helal/project_ws/build/robot_exploration/install.log'
[1.582s] Invoked command in '/home/helal/project_ws/src/robot_exploration' returned '0': DEBUGINFOD_URLS=https://debuginfod.ubuntu.com PYTHONPATH=/home/helal/project_ws/build/robot_exploration/prefix_override:/usr/lib/python3/dist-packages/colcon_core/task/python/colcon_distutils_commands:/home/helal/project_ws/install/robot_exploration/lib/python3.12/site-packages:${PYTHONPATH} /usr/bin/python3 -W ignore:setup.py install is deprecated -W ignore:easy_install command is deprecated setup.py egg_info --egg-base ../../build/robot_exploration build --build-base /home/helal/project_ws/build/robot_exploration/build install --record /home/helal/project_ws/build/robot_exploration/install.log --single-version-externally-managed install_data
