running egg_info
creating ../../build/robot_exploration/robot_exploration.egg-info
writing ../../build/robot_exploration/robot_exploration.egg-info/PKG-INFO
writing dependency_links to ../../build/robot_exploration/robot_exploration.egg-info/dependency_links.txt
writing entry points to ../../build/robot_exploration/robot_exploration.egg-info/entry_points.txt
writing requirements to ../../build/robot_exploration/robot_exploration.egg-info/requires.txt
writing top-level names to ../../build/robot_exploration/robot_exploration.egg-info/top_level.txt
writing manifest file '../../build/robot_exploration/robot_exploration.egg-info/SOURCES.txt'
reading manifest file '../../build/robot_exploration/robot_exploration.egg-info/SOURCES.txt'
writing manifest file '../../build/robot_exploration/robot_exploration.egg-info/SOURCES.txt'
running build
running build_py
creating /home/helal/project_ws/build/robot_exploration/build
creating /home/helal/project_ws/build/robot_exploration/build/lib
creating /home/helal/project_ws/build/robot_exploration/build/lib/robot_exploration
copying robot_exploration/autonomous_explorer.py -> /home/helal/project_ws/build/robot_exploration/build/lib/robot_exploration
copying robot_exploration/__init__.py -> /home/helal/project_ws/build/robot_exploration/build/lib/robot_exploration
running install
running install_lib
creating /home/helal/project_ws/install/robot_exploration/lib/python3.12/site-packages/robot_exploration
copying /home/helal/project_ws/build/robot_exploration/build/lib/robot_exploration/autonomous_explorer.py -> /home/helal/project_ws/install/robot_exploration/lib/python3.12/site-packages/robot_exploration
copying /home/helal/project_ws/build/robot_exploration/build/lib/robot_exploration/__init__.py -> /home/helal/project_ws/install/robot_exploration/lib/python3.12/site-packages/robot_exploration
byte-compiling /home/helal/project_ws/install/robot_exploration/lib/python3.12/site-packages/robot_exploration/autonomous_explorer.py to autonomous_explorer.cpython-312.pyc
byte-compiling /home/helal/project_ws/install/robot_exploration/lib/python3.12/site-packages/robot_exploration/__init__.py to __init__.cpython-312.pyc
running install_data
creating /home/helal/project_ws/install/robot_exploration/share/ament_index
creating /home/helal/project_ws/install/robot_exploration/share/ament_index/resource_index
creating /home/helal/project_ws/install/robot_exploration/share/ament_index/resource_index/packages
copying resource/robot_exploration -> /home/helal/project_ws/install/robot_exploration/share/ament_index/resource_index/packages
copying package.xml -> /home/helal/project_ws/install/robot_exploration/share/robot_exploration
creating /home/helal/project_ws/install/robot_exploration/share/robot_exploration/launch
copying launch/exploration.launch.py -> /home/helal/project_ws/install/robot_exploration/share/robot_exploration/launch
creating /home/helal/project_ws/install/robot_exploration/share/robot_exploration/config
running install_egg_info
Copying ../../build/robot_exploration/robot_exploration.egg-info to /home/helal/project_ws/install/robot_exploration/lib/python3.12/site-packages/robot_exploration-0.0.0-py3.12.egg-info
running install_scripts
Installing autonomous_explorer script to /home/helal/project_ws/install/robot_exploration/lib/robot_exploration
writing list of installed files to '/home/helal/project_ws/build/robot_exploration/install.log'
