[0.931s] Invoking command in '/home/helal/project_ws/src/robot_exploration': DEBUGINFOD_URLS=https://debuginfod.ubuntu.com PYTHONPATH=/home/helal/project_ws/build/robot_exploration/prefix_override:/usr/lib/python3/dist-packages/colcon_core/task/python/colcon_distutils_commands:/home/helal/project_ws/install/robot_exploration/lib/python3.12/site-packages:${PYTHONPATH} /usr/bin/python3 -W ignore:setup.py install is deprecated -W ignore:easy_install command is deprecated setup.py egg_info --egg-base ../../build/robot_exploration build --build-base /home/helal/project_ws/build/robot_exploration/build install --record /home/helal/project_ws/build/robot_exploration/install.log --single-version-externally-managed install_data
[1.249s] running egg_info
[1.250s] creating ../../build/robot_exploration/robot_exploration.egg-info
[1.275s] writing ../../build/robot_exploration/robot_exploration.egg-info/PKG-INFO
[1.276s] writing dependency_links to ../../build/robot_exploration/robot_exploration.egg-info/dependency_links.txt
[1.276s] writing entry points to ../../build/robot_exploration/robot_exploration.egg-info/entry_points.txt
[1.276s] writing requirements to ../../build/robot_exploration/robot_exploration.egg-info/requires.txt
[1.276s] writing top-level names to ../../build/robot_exploration/robot_exploration.egg-info/top_level.txt
[1.276s] writing manifest file '../../build/robot_exploration/robot_exploration.egg-info/SOURCES.txt'
[1.329s] reading manifest file '../../build/robot_exploration/robot_exploration.egg-info/SOURCES.txt'
[1.330s] writing manifest file '../../build/robot_exploration/robot_exploration.egg-info/SOURCES.txt'
[1.330s] running build
[1.330s] running build_py
[1.330s] creating /home/helal/project_ws/build/robot_exploration/build
[1.330s] creating /home/helal/project_ws/build/robot_exploration/build/lib
[1.330s] creating /home/helal/project_ws/build/robot_exploration/build/lib/robot_exploration
[1.330s] copying robot_exploration/autonomous_explorer.py -> /home/helal/project_ws/build/robot_exploration/build/lib/robot_exploration
[1.330s] copying robot_exploration/__init__.py -> /home/helal/project_ws/build/robot_exploration/build/lib/robot_exploration
[1.330s] running install
[1.337s] running install_lib
[1.363s] creating /home/helal/project_ws/install/robot_exploration/lib/python3.12/site-packages/robot_exploration
[1.363s] copying /home/helal/project_ws/build/robot_exploration/build/lib/robot_exploration/autonomous_explorer.py -> /home/helal/project_ws/install/robot_exploration/lib/python3.12/site-packages/robot_exploration
[1.364s] copying /home/helal/project_ws/build/robot_exploration/build/lib/robot_exploration/__init__.py -> /home/helal/project_ws/install/robot_exploration/lib/python3.12/site-packages/robot_exploration
[1.364s] byte-compiling /home/helal/project_ws/install/robot_exploration/lib/python3.12/site-packages/robot_exploration/autonomous_explorer.py to autonomous_explorer.cpython-312.pyc
[1.366s] byte-compiling /home/helal/project_ws/install/robot_exploration/lib/python3.12/site-packages/robot_exploration/__init__.py to __init__.cpython-312.pyc
[1.366s] running install_data
[1.366s] creating /home/helal/project_ws/install/robot_exploration/share/ament_index
[1.366s] creating /home/helal/project_ws/install/robot_exploration/share/ament_index/resource_index
[1.366s] creating /home/helal/project_ws/install/robot_exploration/share/ament_index/resource_index/packages
[1.366s] copying resource/robot_exploration -> /home/helal/project_ws/install/robot_exploration/share/ament_index/resource_index/packages
[1.366s] copying package.xml -> /home/helal/project_ws/install/robot_exploration/share/robot_exploration
[1.367s] creating /home/helal/project_ws/install/robot_exploration/share/robot_exploration/launch
[1.367s] copying launch/exploration.launch.py -> /home/helal/project_ws/install/robot_exploration/share/robot_exploration/launch
[1.367s] creating /home/helal/project_ws/install/robot_exploration/share/robot_exploration/config
[1.367s] running install_egg_info
[1.394s] Copying ../../build/robot_exploration/robot_exploration.egg-info to /home/helal/project_ws/install/robot_exploration/lib/python3.12/site-packages/robot_exploration-0.0.0-py3.12.egg-info
[1.394s] running install_scripts
[1.555s] Installing autonomous_explorer script to /home/helal/project_ws/install/robot_exploration/lib/robot_exploration
[1.556s] writing list of installed files to '/home/helal/project_ws/build/robot_exploration/install.log'
[1.581s] Invoked command in '/home/helal/project_ws/src/robot_exploration' returned '0': DEBUGINFOD_URLS=https://debuginfod.ubuntu.com PYTHONPATH=/home/helal/project_ws/build/robot_exploration/prefix_override:/usr/lib/python3/dist-packages/colcon_core/task/python/colcon_distutils_commands:/home/helal/project_ws/install/robot_exploration/lib/python3.12/site-packages:${PYTHONPATH} /usr/bin/python3 -W ignore:setup.py install is deprecated -W ignore:easy_install command is deprecated setup.py egg_info --egg-base ../../build/robot_exploration build --build-base /home/helal/project_ws/build/robot_exploration/build install --record /home/helal/project_ws/build/robot_exploration/install.log --single-version-externally-managed install_data
